#
# There is insufficient memory for the Java Runtime Environment to continue.
# Native memory allocation (malloc) failed to allocate 1108976 bytes for Chunk::new
# Possible reasons:
#   The system is out of physical RAM or swap space
#   The process is running with CompressedOops enabled, and the Java Heap may be blocking the growth of the native heap
# Possible solutions:
#   Reduce memory load on the system
#   Increase physical memory or swap space
#   Check if swap backing store is full
#   Decrease Java heap size (-Xmx/-Xms)
#   Decrease number of Java threads
#   Decrease Java thread stack sizes (-Xss)
#   Set larger code cache with -XX:ReservedCodeCacheSize=
#   JVM is running with Zero Based Compressed Oops mode in which the Java heap is
#     placed in the first 32GB address space. The Java Heap base address is the
#     maximum limit for the native heap growth. Please use -XX:HeapBaseMinAddress
#     to set the Java Heap base and to place the Java Heap above 32GB virtual address.
# This output file may be truncated or incomplete.
#
#  Out of Memory Error (./open/src/hotspot/share/memory/arena.cpp:197), pid=63756, tid=60940
#
# JRE version: Java(TM) SE Runtime Environment 18.9 (11.0.21+9) (build 11.0.21+9-LTS-193)
# Java VM: Java HotSpot(TM) 64-Bit Server VM 18.9 (11.0.21+9-LTS-193, mixed mode, tiered, compressed oops, g1 gc, windows-amd64)
# No core dump will be written. Minidumps are not enabled by default on client versions of Windows
#

---------------  S U M M A R Y ------------

Command Line: -ea -Dfile.encoding=UTF-8 -Dstdout.encoding=UTF-8 -Dstderr.encoding=UTF-8 -agentpath:C:\Program Files\SentinelOne\Sentinel Agent 24.2.3.471\SentinelJava64.dll=extendedCapabilities org.testng.remote.RemoteTestNG -serport 55603 -protocol json -d D:\Automation\IgnyetFrameworkNamrataBranch\test-output C:\Users\NAMRAT~1\AppData\Local\Temp\testng-eclipse-1965874119\testng-customsuite.xml

Host: 11th Gen Intel(R) Core(TM) i5-11320H @ 3.20GHz, 8 cores, 15G,  Windows 11 , 64 bit Build 22621 (10.0.22621.5262)
Time: Mon Jun 16 08:47:06 2025 India Standard Time elapsed time: 106.627896 seconds (0d 0h 1m 46s)

---------------  T H R E A D  ---------------

Current thread (0x0000013f23468800):  JavaThread "C2 CompilerThread0" daemon [_thread_in_native, id=60940, stack(0x000000100e200000,0x000000100e300000)]


Current CompileTask:
C2: 106628 4402       4       java.net.URLStreamHandler::parseURL (1201 bytes)

Stack: [0x000000100e200000,0x000000100e300000]
Native frames: (J=compiled Java code, j=interpreted, Vv=VM code, C=native code)
V  [jvm.dll+0x66058a]
V  [jvm.dll+0x7a362f]
V  [jvm.dll+0x7a4cf9]
V  [jvm.dll+0x7a5393]
V  [jvm.dll+0x258f55]
V  [jvm.dll+0xb2a0c]
V  [jvm.dll+0xb2fcc]
V  [jvm.dll+0x367771]
V  [jvm.dll+0x1a2992]
V  [jvm.dll+0x211d8d]
V  [jvm.dll+0x210c08]
V  [jvm.dll+0x18cdb1]
V  [jvm.dll+0x220e99]
V  [jvm.dll+0x21f1bc]
V  [jvm.dll+0x7673c1]
V  [jvm.dll+0x75fc44]
V  [jvm.dll+0x65f435]
C  [ucrtbase.dll+0x29333]
C  [KERNEL32.DLL+0x1259d]
C  [ntdll.dll+0x5af58]


---------------  P R O C E S S  ---------------

Threads class SMR info:
_java_thread_list=0x0000013f24f4dc90, length=42, elements={
0x0000013f000ab000, 0x0000013f233e3000, 0x0000013f2340c800, 0x0000013f23460800,
0x0000013f23461800, 0x0000013f23463800, 0x0000013f23468800, 0x0000013f23486800,
0x0000013f2349c800, 0x0000013f23612000, 0x0000013f24a25000, 0x0000013f2990a800,
0x0000013f256bd000, 0x0000013f26789000, 0x0000013f263b9000, 0x0000013f25e7b800,
0x0000013f25e7c800, 0x0000013f29a03800, 0x0000013f29a01000, 0x0000013f29a05000,
0x0000013f262c6800, 0x0000013f262c6000, 0x0000013f262c7800, 0x0000013f262ca800,
0x0000013f262c9000, 0x0000013f262c5000, 0x0000013f262ce000, 0x0000013f262cb800,
0x0000013f262ca000, 0x0000013f262d2000, 0x0000013f262cf800, 0x0000013f262d0800,
0x0000013f262cd000, 0x0000013f262d3800, 0x0000013f29a07800, 0x0000013f29a01800,
0x0000013f29a02800, 0x0000013f29a04000, 0x0000013f29a06800, 0x0000013f262d3000,
0x0000013f262cf000, 0x0000013f291e7000
}

Java Threads: ( => current thread )
  0x0000013f000ab000 JavaThread "main" [_thread_in_vm, id=64364, stack(0x000000100d600000,0x000000100d700000)]
  0x0000013f233e3000 JavaThread "Reference Handler" daemon [_thread_blocked, id=55576, stack(0x000000100dd00000,0x000000100de00000)]
  0x0000013f2340c800 JavaThread "Finalizer" daemon [_thread_blocked, id=57460, stack(0x000000100de00000,0x000000100df00000)]
  0x0000013f23460800 JavaThread "Signal Dispatcher" daemon [_thread_blocked, id=59760, stack(0x000000100df00000,0x000000100e000000)]
  0x0000013f23461800 JavaThread "Attach Listener" daemon [_thread_blocked, id=26104, stack(0x000000100e000000,0x000000100e100000)]
  0x0000013f23463800 JavaThread "Service Thread" daemon [_thread_blocked, id=55272, stack(0x000000100e100000,0x000000100e200000)]
=>0x0000013f23468800 JavaThread "C2 CompilerThread0" daemon [_thread_in_native, id=60940, stack(0x000000100e200000,0x000000100e300000)]
  0x0000013f23486800 JavaThread "C1 CompilerThread0" daemon [_thread_blocked, id=61832, stack(0x000000100e300000,0x000000100e400000)]
  0x0000013f2349c800 JavaThread "Sweeper thread" daemon [_thread_blocked, id=63968, stack(0x000000100e400000,0x000000100e500000)]
  0x0000013f23612000 JavaThread "Common-Cleaner" daemon [_thread_blocked, id=11064, stack(0x000000100e600000,0x000000100e700000)]
  0x0000013f24a25000 JavaThread "ReaderThread" [_thread_in_native, id=14644, stack(0x000000100ea00000,0x000000100eb00000)]
  0x0000013f2990a800 JavaThread "ForkJoinPool.commonPool-worker-3" daemon [_thread_blocked, id=60932, stack(0x000000100f100000,0x000000100f200000)]
  0x0000013f256bd000 JavaThread "HttpClient-1-SelectorManager" daemon [_thread_in_native, id=59900, stack(0x000000100ef00000,0x000000100f000000)]
  0x0000013f26789000 JavaThread "External Process Output Forwarder - C:\Users\NamrataMehta\.cache\selenium\chromedriver\win64\137.0.7151.70\chromedriver.exe" daemon [_thread_in_native, id=55380, stack(0x000000100f200000,0x000000100f300000)]
  0x0000013f263b9000 JavaThread "Driver Service Executor" daemon [_thread_blocked, id=62080, stack(0x000000100f300000,0x000000100f400000)]
  0x0000013f25e7b800 JavaThread "Driver Service Executor" daemon [_thread_blocked, id=22972, stack(0x000000100f400000,0x000000100f500000)]
  0x0000013f25e7c800 JavaThread "UrlChecker-2" daemon [_thread_blocked, id=7576, stack(0x000000100f500000,0x000000100f600000)]
  0x0000013f29a03800 JavaThread "CompletableFutureDelayScheduler" daemon [_thread_blocked, id=63232, stack(0x000000100f800000,0x000000100f900000)]
  0x0000013f29a01000 JavaThread "HttpClient-2-SelectorManager" daemon [_thread_in_native, id=5476, stack(0x000000100fc00000,0x000000100fd00000)]
  0x0000013f29a05000 JavaThread "HttpClient-3-SelectorManager" daemon [_thread_in_native, id=20876, stack(0x0000001010000000,0x0000001010100000)]
  0x0000013f262c6800 JavaThread "External Process Output Forwarder - C:\Users\NamrataMehta\.cache\selenium\chromedriver\win64\137.0.7151.70\chromedriver.exe" daemon [_thread_in_native, id=57608, stack(0x0000001010100000,0x0000001010200000)]
  0x0000013f262c6000 JavaThread "Driver Service Executor" daemon [_thread_blocked, id=62692, stack(0x0000001010200000,0x0000001010300000)]
  0x0000013f262c7800 JavaThread "Driver Service Executor" daemon [_thread_blocked, id=62712, stack(0x0000001010300000,0x0000001010400000)]
  0x0000013f262ca800 JavaThread "JdkHttpClient-2-0" daemon [_thread_blocked, id=8332, stack(0x0000001010500000,0x0000001010600000)]
  0x0000013f262c9000 JavaThread "JdkHttpClient-2-2" daemon [_thread_blocked, id=6564, stack(0x0000001010700000,0x0000001010800000)]
  0x0000013f262c5000 JavaThread "JdkHttpClient-2-3" daemon [_thread_blocked, id=11164, stack(0x0000001010800000,0x0000001010900000)]
  0x0000013f262ce000 JavaThread "HttpClient-4-SelectorManager" daemon [_thread_in_native, id=65000, stack(0x0000001010900000,0x0000001010a00000)]
  0x0000013f262cb800 JavaThread "HttpClient-5-SelectorManager" daemon [_thread_in_native, id=65668, stack(0x000000100d300000,0x000000100d400000)]
  0x0000013f262ca000 JavaThread "External Process Output Forwarder - C:\Users\NamrataMehta\.cache\selenium\chromedriver\win64\137.0.7151.70\chromedriver.exe" daemon [_thread_in_native, id=55776, stack(0x000000100d400000,0x000000100d500000)]
  0x0000013f262d2000 JavaThread "Driver Service Executor" daemon [_thread_blocked, id=63632, stack(0x000000100d500000,0x000000100d600000)]
  0x0000013f262cf800 JavaThread "Driver Service Executor" daemon [_thread_blocked, id=5908, stack(0x000000100fb00000,0x000000100fc00000)]
  0x0000013f262d0800 JavaThread "JdkHttpClient-4-0" daemon [_thread_blocked, id=66480, stack(0x000000100fe00000,0x000000100ff00000)]
  0x0000013f262cd000 JavaThread "JdkHttpClient-4-1" daemon [_thread_blocked, id=58420, stack(0x000000100ff00000,0x0000001010000000)]
  0x0000013f262d3800 JavaThread "JdkHttpClient-4-2" daemon [_thread_blocked, id=58196, stack(0x0000001010400000,0x0000001010500000)]
  0x0000013f29a07800 JavaThread "HttpClient-6-SelectorManager" daemon [_thread_in_native, id=43324, stack(0x0000001010d00000,0x0000001010e00000)]
  0x0000013f29a01800 JavaThread "JdkHttpClient-5-0" daemon [_thread_blocked, id=57200, stack(0x0000001010e00000,0x0000001010f00000)]
  0x0000013f29a02800 JavaThread "JdkHttpClient-5-1" daemon [_thread_blocked, id=66312, stack(0x0000001010f00000,0x0000001011000000)]
  0x0000013f29a04000 JavaThread "JdkHttpClient-5-2" daemon [_thread_blocked, id=65924, stack(0x0000001011000000,0x0000001011100000)]
  0x0000013f29a06800 JavaThread "HttpClient-7-SelectorManager" daemon [_thread_in_native, id=9572, stack(0x000000100f700000,0x000000100f800000)]
  0x0000013f262d3000 JavaThread "JdkHttpClient-6-0" daemon [_thread_blocked, id=56244, stack(0x0000001010a00000,0x0000001010b00000)]
  0x0000013f262cf000 JavaThread "JdkHttpClient-6-1" daemon [_thread_blocked, id=56084, stack(0x0000001010b00000,0x0000001010c00000)]
  0x0000013f291e7000 JavaThread "JdkHttpClient-6-2" daemon [_thread_blocked, id=58620, stack(0x0000001010c00000,0x0000001010d00000)]

Other Threads:
  0x0000013f233e0000 VMThread "VM Thread" [stack: 0x000000100dc00000,0x000000100dd00000] [id=5996]
  0x0000013f23614000 WatcherThread [stack: 0x000000100e500000,0x000000100e600000] [id=14852]
  0x0000013f000c0800 GCTaskThread "GC Thread#0" [stack: 0x000000100d700000,0x000000100d800000] [id=58472]
  0x0000013f248cb800 GCTaskThread "GC Thread#1" [stack: 0x000000100e700000,0x000000100e800000] [id=65648]
  0x0000013f259ca000 GCTaskThread "GC Thread#2" [stack: 0x000000100e800000,0x000000100e900000] [id=51788]
  0x0000013f251ce000 GCTaskThread "GC Thread#3" [stack: 0x000000100eb00000,0x000000100ec00000] [id=17044]
  0x0000013f24759000 GCTaskThread "GC Thread#4" [stack: 0x000000100ec00000,0x000000100ed00000] [id=54552]
  0x0000013f2445a000 GCTaskThread "GC Thread#5" [stack: 0x000000100ed00000,0x000000100ee00000] [id=56532]
  0x0000013f20092800 ConcurrentGCThread "G1 Main Marker" [stack: 0x000000100d800000,0x000000100d900000] [id=64032]
  0x0000013f20093800 ConcurrentGCThread "G1 Conc#0" [stack: 0x000000100d900000,0x000000100da00000] [id=65540]
  0x0000013f2612b000 ConcurrentGCThread "G1 Conc#1" [stack: 0x000000100f000000,0x000000100f100000] [id=56212]
  0x0000013f201aa800 ConcurrentGCThread "G1 Refine#0" [stack: 0x000000100da00000,0x000000100db00000] [id=18936]
  0x0000013f201ad800 ConcurrentGCThread "G1 Young RemSet Sampling" [stack: 0x000000100db00000,0x000000100dc00000] [id=20656]

Threads with active compile tasks:
C2 CompilerThread0   106752 4402       4       java.net.URLStreamHandler::parseURL (1201 bytes)

VM state:not at safepoint (normal execution)

VM Mutex/Monitor currently owned by a thread: None

Heap address: 0x0000000703600000, size: 4042 MB, Compressed Oops mode: Zero based, Oop shift amount: 3
Narrow klass base: 0x0000000800000000, Narrow klass shift: 0
Compressed class space size: 1073741824 Address: 0x0000000800000000

Heap:
 garbage-first heap   total 260096K, used 113784K [0x0000000703600000, 0x0000000800000000)
  region size 1024K, 104 young (106496K), 12 survivors (12288K)
 Metaspace       used 41333K, capacity 42826K, committed 42880K, reserved 1087488K
  class space    used 4865K, capacity 5483K, committed 5504K, reserved 1048576K
Heap Regions: E=young(eden), S=young(survivor), O=old, HS=humongous(starts), HC=humongous(continues), CS=collection set, F=free, A=archive, TAMS=top-at-mark-start (previous, next)
|   0|0x0000000703600000, 0x0000000703700000, 0x0000000703700000|100%|HS|  |TAMS 0x0000000703700000, 0x0000000703600000| Complete 
|   1|0x0000000703700000, 0x0000000703800000, 0x0000000703800000|100%| O|  |TAMS 0x0000000703800000, 0x0000000703700000| Untracked 
|   2|0x0000000703800000, 0x0000000703900000, 0x0000000703900000|100%| O|  |TAMS 0x0000000703900000, 0x0000000703800000| Untracked 
|   3|0x0000000703900000, 0x0000000703a00000, 0x0000000703a00000|100%| O|  |TAMS 0x0000000703a00000, 0x0000000703900000| Untracked 
|   4|0x0000000703a00000, 0x0000000703b00000, 0x0000000703b00000|100%| O|  |TAMS 0x0000000703b00000, 0x0000000703a00000| Untracked 
|   5|0x0000000703b00000, 0x0000000703c00000, 0x0000000703c00000|100%| O|  |TAMS 0x0000000703c00000, 0x0000000703b00000| Untracked 
|   6|0x0000000703c00000, 0x0000000703d00000, 0x0000000703d00000|100%| O|  |TAMS 0x0000000703d00000, 0x0000000703c00000| Untracked 
|   7|0x0000000703d00000, 0x0000000703e00000, 0x0000000703e00000|100%| O|  |TAMS 0x0000000703e00000, 0x0000000703d00000| Untracked 
|   8|0x0000000703e00000, 0x0000000703e8c800, 0x0000000703f00000| 54%| O|  |TAMS 0x0000000703e8c800, 0x0000000703e00000| Untracked 
|   9|0x0000000703f00000, 0x0000000703f00000, 0x0000000704000000|  0%| F|  |TAMS 0x0000000703f00000, 0x0000000703f00000| Untracked 
|  10|0x0000000704000000, 0x0000000704000000, 0x0000000704100000|  0%| F|  |TAMS 0x0000000704000000, 0x0000000704000000| Untracked 
|  11|0x0000000704100000, 0x0000000704100000, 0x0000000704200000|  0%| F|  |TAMS 0x0000000704100000, 0x0000000704100000| Untracked 
|  12|0x0000000704200000, 0x0000000704200000, 0x0000000704300000|  0%| F|  |TAMS 0x0000000704200000, 0x0000000704200000| Untracked 
|  13|0x0000000704300000, 0x0000000704300000, 0x0000000704400000|  0%| F|  |TAMS 0x0000000704300000, 0x0000000704300000| Untracked 
|  14|0x0000000704400000, 0x0000000704400000, 0x0000000704500000|  0%| F|  |TAMS 0x0000000704400000, 0x0000000704400000| Untracked 
|  15|0x0000000704500000, 0x0000000704500000, 0x0000000704600000|  0%| F|  |TAMS 0x0000000704500000, 0x0000000704500000| Untracked 
|  16|0x0000000704600000, 0x0000000704600000, 0x0000000704700000|  0%| F|  |TAMS 0x0000000704600000, 0x0000000704600000| Untracked 
|  17|0x0000000704700000, 0x0000000704700000, 0x0000000704800000|  0%| F|  |TAMS 0x0000000704700000, 0x0000000704700000| Untracked 
|  18|0x0000000704800000, 0x0000000704800000, 0x0000000704900000|  0%| F|  |TAMS 0x0000000704800000, 0x0000000704800000| Untracked 
|  19|0x0000000704900000, 0x0000000704900000, 0x0000000704a00000|  0%| F|  |TAMS 0x0000000704900000, 0x0000000704900000| Untracked 
|  20|0x0000000704a00000, 0x0000000704a00000, 0x0000000704b00000|  0%| F|  |TAMS 0x0000000704a00000, 0x0000000704a00000| Untracked 
|  21|0x0000000704b00000, 0x0000000704b00000, 0x0000000704c00000|  0%| F|  |TAMS 0x0000000704b00000, 0x0000000704b00000| Untracked 
|  22|0x0000000704c00000, 0x0000000704c00000, 0x0000000704d00000|  0%| F|  |TAMS 0x0000000704c00000, 0x0000000704c00000| Untracked 
|  23|0x0000000704d00000, 0x0000000704d00000, 0x0000000704e00000|  0%| F|  |TAMS 0x0000000704d00000, 0x0000000704d00000| Untracked 
|  24|0x0000000704e00000, 0x0000000704e00000, 0x0000000704f00000|  0%| F|  |TAMS 0x0000000704e00000, 0x0000000704e00000| Untracked 
|  25|0x0000000704f00000, 0x0000000704f00000, 0x0000000705000000|  0%| F|  |TAMS 0x0000000704f00000, 0x0000000704f00000| Untracked 
|  26|0x0000000705000000, 0x0000000705000000, 0x0000000705100000|  0%| F|  |TAMS 0x0000000705000000, 0x0000000705000000| Untracked 
|  27|0x0000000705100000, 0x0000000705100000, 0x0000000705200000|  0%| F|  |TAMS 0x0000000705100000, 0x0000000705100000| Untracked 
|  28|0x0000000705200000, 0x0000000705200000, 0x0000000705300000|  0%| F|  |TAMS 0x0000000705200000, 0x0000000705200000| Untracked 
|  29|0x0000000705300000, 0x0000000705300000, 0x0000000705400000|  0%| F|  |TAMS 0x0000000705300000, 0x0000000705300000| Untracked 
|  30|0x0000000705400000, 0x0000000705400000, 0x0000000705500000|  0%| F|  |TAMS 0x0000000705400000, 0x0000000705400000| Untracked 
|  31|0x0000000705500000, 0x0000000705500000, 0x0000000705600000|  0%| F|  |TAMS 0x0000000705500000, 0x0000000705500000| Untracked 
|  32|0x0000000705600000, 0x0000000705600000, 0x0000000705700000|  0%| F|  |TAMS 0x0000000705600000, 0x0000000705600000| Untracked 
|  33|0x0000000705700000, 0x0000000705700000, 0x0000000705800000|  0%| F|  |TAMS 0x0000000705700000, 0x0000000705700000| Untracked 
|  34|0x0000000705800000, 0x0000000705800000, 0x0000000705900000|  0%| F|  |TAMS 0x0000000705800000, 0x0000000705800000| Untracked 
|  35|0x0000000705900000, 0x0000000705900000, 0x0000000705a00000|  0%| F|  |TAMS 0x0000000705900000, 0x0000000705900000| Untracked 
|  36|0x0000000705a00000, 0x0000000705a00000, 0x0000000705b00000|  0%| F|  |TAMS 0x0000000705a00000, 0x0000000705a00000| Untracked 
|  37|0x0000000705b00000, 0x0000000705b00000, 0x0000000705c00000|  0%| F|  |TAMS 0x0000000705b00000, 0x0000000705b00000| Untracked 
|  38|0x0000000705c00000, 0x0000000705c00000, 0x0000000705d00000|  0%| F|  |TAMS 0x0000000705c00000, 0x0000000705c00000| Untracked 
|  39|0x0000000705d00000, 0x0000000705d00000, 0x0000000705e00000|  0%| F|  |TAMS 0x0000000705d00000, 0x0000000705d00000| Untracked 
|  40|0x0000000705e00000, 0x0000000705e00000, 0x0000000705f00000|  0%| F|  |TAMS 0x0000000705e00000, 0x0000000705e00000| Untracked 
|  41|0x0000000705f00000, 0x0000000705f00000, 0x0000000706000000|  0%| F|  |TAMS 0x0000000705f00000, 0x0000000705f00000| Untracked 
|  42|0x0000000706000000, 0x0000000706000000, 0x0000000706100000|  0%| F|  |TAMS 0x0000000706000000, 0x0000000706000000| Untracked 
|  43|0x0000000706100000, 0x0000000706100000, 0x0000000706200000|  0%| F|  |TAMS 0x0000000706100000, 0x0000000706100000| Untracked 
|  44|0x0000000706200000, 0x0000000706200000, 0x0000000706300000|  0%| F|  |TAMS 0x0000000706200000, 0x0000000706200000| Untracked 
|  45|0x0000000706300000, 0x0000000706300000, 0x0000000706400000|  0%| F|  |TAMS 0x0000000706300000, 0x0000000706300000| Untracked 
|  46|0x0000000706400000, 0x0000000706400000, 0x0000000706500000|  0%| F|  |TAMS 0x0000000706400000, 0x0000000706400000| Untracked 
|  47|0x0000000706500000, 0x0000000706500000, 0x0000000706600000|  0%| F|  |TAMS 0x0000000706500000, 0x0000000706500000| Untracked 
|  48|0x0000000706600000, 0x0000000706600000, 0x0000000706700000|  0%| F|  |TAMS 0x0000000706600000, 0x0000000706600000| Untracked 
|  49|0x0000000706700000, 0x0000000706700000, 0x0000000706800000|  0%| F|  |TAMS 0x0000000706700000, 0x0000000706700000| Untracked 
|  50|0x0000000706800000, 0x0000000706800000, 0x0000000706900000|  0%| F|  |TAMS 0x0000000706800000, 0x0000000706800000| Untracked 
|  51|0x0000000706900000, 0x0000000706900000, 0x0000000706a00000|  0%| F|  |TAMS 0x0000000706900000, 0x0000000706900000| Untracked 
|  52|0x0000000706a00000, 0x0000000706a00000, 0x0000000706b00000|  0%| F|  |TAMS 0x0000000706a00000, 0x0000000706a00000| Untracked 
|  53|0x0000000706b00000, 0x0000000706b00000, 0x0000000706c00000|  0%| F|  |TAMS 0x0000000706b00000, 0x0000000706b00000| Untracked 
|  54|0x0000000706c00000, 0x0000000706c00000, 0x0000000706d00000|  0%| F|  |TAMS 0x0000000706c00000, 0x0000000706c00000| Untracked 
|  55|0x0000000706d00000, 0x0000000706d00000, 0x0000000706e00000|  0%| F|  |TAMS 0x0000000706d00000, 0x0000000706d00000| Untracked 
|  56|0x0000000706e00000, 0x0000000706e00000, 0x0000000706f00000|  0%| F|  |TAMS 0x0000000706e00000, 0x0000000706e00000| Untracked 
|  57|0x0000000706f00000, 0x0000000706f00000, 0x0000000707000000|  0%| F|  |TAMS 0x0000000706f00000, 0x0000000706f00000| Untracked 
|  58|0x0000000707000000, 0x0000000707000000, 0x0000000707100000|  0%| F|  |TAMS 0x0000000707000000, 0x0000000707000000| Untracked 
|  59|0x0000000707100000, 0x0000000707100000, 0x0000000707200000|  0%| F|  |TAMS 0x0000000707100000, 0x0000000707100000| Untracked 
|  60|0x0000000707200000, 0x0000000707200000, 0x0000000707300000|  0%| F|  |TAMS 0x0000000707200000, 0x0000000707200000| Untracked 
|  61|0x0000000707300000, 0x0000000707300000, 0x0000000707400000|  0%| F|  |TAMS 0x0000000707300000, 0x0000000707300000| Untracked 
|  62|0x0000000707400000, 0x0000000707400000, 0x0000000707500000|  0%| F|  |TAMS 0x0000000707400000, 0x0000000707400000| Untracked 
|  63|0x0000000707500000, 0x0000000707500000, 0x0000000707600000|  0%| F|  |TAMS 0x0000000707500000, 0x0000000707500000| Untracked 
|  64|0x0000000707600000, 0x0000000707600000, 0x0000000707700000|  0%| F|  |TAMS 0x0000000707600000, 0x0000000707600000| Untracked 
|  65|0x0000000707700000, 0x0000000707700000, 0x0000000707800000|  0%| F|  |TAMS 0x0000000707700000, 0x0000000707700000| Untracked 
|  66|0x0000000707800000, 0x0000000707800000, 0x0000000707900000|  0%| F|  |TAMS 0x0000000707800000, 0x0000000707800000| Untracked 
|  67|0x0000000707900000, 0x0000000707900000, 0x0000000707a00000|  0%| F|  |TAMS 0x0000000707900000, 0x0000000707900000| Untracked 
|  68|0x0000000707a00000, 0x0000000707a00000, 0x0000000707b00000|  0%| F|  |TAMS 0x0000000707a00000, 0x0000000707a00000| Untracked 
|  69|0x0000000707b00000, 0x0000000707b00000, 0x0000000707c00000|  0%| F|  |TAMS 0x0000000707b00000, 0x0000000707b00000| Untracked 
|  70|0x0000000707c00000, 0x0000000707c00000, 0x0000000707d00000|  0%| F|  |TAMS 0x0000000707c00000, 0x0000000707c00000| Untracked 
|  71|0x0000000707d00000, 0x0000000707d00000, 0x0000000707e00000|  0%| F|  |TAMS 0x0000000707d00000, 0x0000000707d00000| Untracked 
|  72|0x0000000707e00000, 0x0000000707e00000, 0x0000000707f00000|  0%| F|  |TAMS 0x0000000707e00000, 0x0000000707e00000| Untracked 
|  73|0x0000000707f00000, 0x0000000707f00000, 0x0000000708000000|  0%| F|  |TAMS 0x0000000707f00000, 0x0000000707f00000| Untracked 
|  74|0x0000000708000000, 0x0000000708000000, 0x0000000708100000|  0%| F|  |TAMS 0x0000000708000000, 0x0000000708000000| Untracked 
|  75|0x0000000708100000, 0x0000000708100000, 0x0000000708200000|  0%| F|  |TAMS 0x0000000708100000, 0x0000000708100000| Untracked 
|  76|0x0000000708200000, 0x0000000708200000, 0x0000000708300000|  0%| F|  |TAMS 0x0000000708200000, 0x0000000708200000| Untracked 
|  77|0x0000000708300000, 0x0000000708300000, 0x0000000708400000|  0%| F|  |TAMS 0x0000000708300000, 0x0000000708300000| Untracked 
|  78|0x0000000708400000, 0x0000000708400000, 0x0000000708500000|  0%| F|  |TAMS 0x0000000708400000, 0x0000000708400000| Untracked 
|  79|0x0000000708500000, 0x0000000708500000, 0x0000000708600000|  0%| F|  |TAMS 0x0000000708500000, 0x0000000708500000| Untracked 
|  80|0x0000000708600000, 0x0000000708600000, 0x0000000708700000|  0%| F|  |TAMS 0x0000000708600000, 0x0000000708600000| Untracked 
|  81|0x0000000708700000, 0x0000000708700000, 0x0000000708800000|  0%| F|  |TAMS 0x0000000708700000, 0x0000000708700000| Untracked 
|  82|0x0000000708800000, 0x0000000708800000, 0x0000000708900000|  0%| F|  |TAMS 0x0000000708800000, 0x0000000708800000| Untracked 
|  83|0x0000000708900000, 0x0000000708900000, 0x0000000708a00000|  0%| F|  |TAMS 0x0000000708900000, 0x0000000708900000| Untracked 
|  84|0x0000000708a00000, 0x0000000708a00000, 0x0000000708b00000|  0%| F|  |TAMS 0x0000000708a00000, 0x0000000708a00000| Untracked 
|  85|0x0000000708b00000, 0x0000000708b00000, 0x0000000708c00000|  0%| F|  |TAMS 0x0000000708b00000, 0x0000000708b00000| Untracked 
|  86|0x0000000708c00000, 0x0000000708c00000, 0x0000000708d00000|  0%| F|  |TAMS 0x0000000708c00000, 0x0000000708c00000| Untracked 
|  87|0x0000000708d00000, 0x0000000708d00000, 0x0000000708e00000|  0%| F|  |TAMS 0x0000000708d00000, 0x0000000708d00000| Untracked 
|  88|0x0000000708e00000, 0x0000000708e00000, 0x0000000708f00000|  0%| F|  |TAMS 0x0000000708e00000, 0x0000000708e00000| Untracked 
|  89|0x0000000708f00000, 0x0000000708f00000, 0x0000000709000000|  0%| F|  |TAMS 0x0000000708f00000, 0x0000000708f00000| Untracked 
|  90|0x0000000709000000, 0x0000000709000000, 0x0000000709100000|  0%| F|  |TAMS 0x0000000709000000, 0x0000000709000000| Untracked 
|  91|0x0000000709100000, 0x0000000709100000, 0x0000000709200000|  0%| F|  |TAMS 0x0000000709100000, 0x0000000709100000| Untracked 
|  92|0x0000000709200000, 0x0000000709200000, 0x0000000709300000|  0%| F|  |TAMS 0x0000000709200000, 0x0000000709200000| Untracked 
|  93|0x0000000709300000, 0x0000000709300000, 0x0000000709400000|  0%| F|  |TAMS 0x0000000709300000, 0x0000000709300000| Untracked 
|  94|0x0000000709400000, 0x0000000709400000, 0x0000000709500000|  0%| F|  |TAMS 0x0000000709400000, 0x0000000709400000| Untracked 
|  95|0x0000000709500000, 0x0000000709500000, 0x0000000709600000|  0%| F|  |TAMS 0x0000000709500000, 0x0000000709500000| Untracked 
|  96|0x0000000709600000, 0x0000000709600000, 0x0000000709700000|  0%| F|  |TAMS 0x0000000709600000, 0x0000000709600000| Untracked 
|  97|0x0000000709700000, 0x0000000709700000, 0x0000000709800000|  0%| F|  |TAMS 0x0000000709700000, 0x0000000709700000| Untracked 
|  98|0x0000000709800000, 0x0000000709800000, 0x0000000709900000|  0%| F|  |TAMS 0x0000000709800000, 0x0000000709800000| Untracked 
|  99|0x0000000709900000, 0x0000000709900000, 0x0000000709a00000|  0%| F|  |TAMS 0x0000000709900000, 0x0000000709900000| Untracked 
| 100|0x0000000709a00000, 0x0000000709a00000, 0x0000000709b00000|  0%| F|  |TAMS 0x0000000709a00000, 0x0000000709a00000| Untracked 
| 101|0x0000000709b00000, 0x0000000709b00000, 0x0000000709c00000|  0%| F|  |TAMS 0x0000000709b00000, 0x0000000709b00000| Untracked 
| 102|0x0000000709c00000, 0x0000000709c00000, 0x0000000709d00000|  0%| F|  |TAMS 0x0000000709c00000, 0x0000000709c00000| Untracked 
| 103|0x0000000709d00000, 0x0000000709d00000, 0x0000000709e00000|  0%| F|  |TAMS 0x0000000709d00000, 0x0000000709d00000| Untracked 
| 104|0x0000000709e00000, 0x0000000709e00000, 0x0000000709f00000|  0%| F|  |TAMS 0x0000000709e00000, 0x0000000709e00000| Untracked 
| 105|0x0000000709f00000, 0x0000000709f00000, 0x000000070a000000|  0%| F|  |TAMS 0x0000000709f00000, 0x0000000709f00000| Untracked 
| 106|0x000000070a000000, 0x000000070a000000, 0x000000070a100000|  0%| F|  |TAMS 0x000000070a000000, 0x000000070a000000| Untracked 
| 107|0x000000070a100000, 0x000000070a100000, 0x000000070a200000|  0%| F|  |TAMS 0x000000070a100000, 0x000000070a100000| Untracked 
| 108|0x000000070a200000, 0x000000070a200000, 0x000000070a300000|  0%| F|  |TAMS 0x000000070a200000, 0x000000070a200000| Untracked 
| 109|0x000000070a300000, 0x000000070a300000, 0x000000070a400000|  0%| F|  |TAMS 0x000000070a300000, 0x000000070a300000| Untracked 
| 110|0x000000070a400000, 0x000000070a400000, 0x000000070a500000|  0%| F|  |TAMS 0x000000070a400000, 0x000000070a400000| Untracked 
| 111|0x000000070a500000, 0x000000070a500000, 0x000000070a600000|  0%| F|  |TAMS 0x000000070a500000, 0x000000070a500000| Untracked 
| 112|0x000000070a600000, 0x000000070a600000, 0x000000070a700000|  0%| F|  |TAMS 0x000000070a600000, 0x000000070a600000| Untracked 
| 113|0x000000070a700000, 0x000000070a700000, 0x000000070a800000|  0%| F|  |TAMS 0x000000070a700000, 0x000000070a700000| Untracked 
| 114|0x000000070a800000, 0x000000070a800000, 0x000000070a900000|  0%| F|  |TAMS 0x000000070a800000, 0x000000070a800000| Untracked 
| 115|0x000000070a900000, 0x000000070a900000, 0x000000070aa00000|  0%| F|  |TAMS 0x000000070a900000, 0x000000070a900000| Untracked 
| 116|0x000000070aa00000, 0x000000070aa00000, 0x000000070ab00000|  0%| F|  |TAMS 0x000000070aa00000, 0x000000070aa00000| Untracked 
| 117|0x000000070ab00000, 0x000000070ab00000, 0x000000070ac00000|  0%| F|  |TAMS 0x000000070ab00000, 0x000000070ab00000| Untracked 
| 118|0x000000070ac00000, 0x000000070ac00000, 0x000000070ad00000|  0%| F|  |TAMS 0x000000070ac00000, 0x000000070ac00000| Untracked 
| 119|0x000000070ad00000, 0x000000070ad91b68, 0x000000070ae00000| 56%| S|CS|TAMS 0x000000070ad00000, 0x000000070ad00000| Complete 
| 120|0x000000070ae00000, 0x000000070af00000, 0x000000070af00000|100%| S|CS|TAMS 0x000000070ae00000, 0x000000070ae00000| Complete 
| 121|0x000000070af00000, 0x000000070b000000, 0x000000070b000000|100%| S|CS|TAMS 0x000000070af00000, 0x000000070af00000| Complete 
| 122|0x000000070b000000, 0x000000070b100000, 0x000000070b100000|100%| S|CS|TAMS 0x000000070b000000, 0x000000070b000000| Complete 
| 123|0x000000070b100000, 0x000000070b200000, 0x000000070b200000|100%| S|CS|TAMS 0x000000070b100000, 0x000000070b100000| Complete 
| 124|0x000000070b200000, 0x000000070b300000, 0x000000070b300000|100%| S|CS|TAMS 0x000000070b200000, 0x000000070b200000| Complete 
| 125|0x000000070b300000, 0x000000070b400000, 0x000000070b400000|100%| S|CS|TAMS 0x000000070b300000, 0x000000070b300000| Complete 
| 126|0x000000070b400000, 0x000000070b500000, 0x000000070b500000|100%| S|CS|TAMS 0x000000070b400000, 0x000000070b400000| Complete 
| 127|0x000000070b500000, 0x000000070b600000, 0x000000070b600000|100%| S|CS|TAMS 0x000000070b500000, 0x000000070b500000| Complete 
| 128|0x000000070b600000, 0x000000070b700000, 0x000000070b700000|100%| S|CS|TAMS 0x000000070b600000, 0x000000070b600000| Complete 
| 129|0x000000070b700000, 0x000000070b800000, 0x000000070b800000|100%| S|CS|TAMS 0x000000070b700000, 0x000000070b700000| Complete 
| 130|0x000000070b800000, 0x000000070b900000, 0x000000070b900000|100%| S|CS|TAMS 0x000000070b800000, 0x000000070b800000| Complete 
| 131|0x000000070b900000, 0x000000070b900000, 0x000000070ba00000|  0%| F|  |TAMS 0x000000070b900000, 0x000000070b900000| Untracked 
| 132|0x000000070ba00000, 0x000000070ba00000, 0x000000070bb00000|  0%| F|  |TAMS 0x000000070ba00000, 0x000000070ba00000| Untracked 
| 133|0x000000070bb00000, 0x000000070bb00000, 0x000000070bc00000|  0%| F|  |TAMS 0x000000070bb00000, 0x000000070bb00000| Untracked 
| 134|0x000000070bc00000, 0x000000070bc00000, 0x000000070bd00000|  0%| F|  |TAMS 0x000000070bc00000, 0x000000070bc00000| Untracked 
| 135|0x000000070bd00000, 0x000000070bd00000, 0x000000070be00000|  0%| F|  |TAMS 0x000000070bd00000, 0x000000070bd00000| Untracked 
| 136|0x000000070be00000, 0x000000070be00000, 0x000000070bf00000|  0%| F|  |TAMS 0x000000070be00000, 0x000000070be00000| Untracked 
| 137|0x000000070bf00000, 0x000000070bf00000, 0x000000070c000000|  0%| F|  |TAMS 0x000000070bf00000, 0x000000070bf00000| Untracked 
| 138|0x000000070c000000, 0x000000070c000000, 0x000000070c100000|  0%| F|  |TAMS 0x000000070c000000, 0x000000070c000000| Untracked 
| 139|0x000000070c100000, 0x000000070c100000, 0x000000070c200000|  0%| F|  |TAMS 0x000000070c100000, 0x000000070c100000| Untracked 
| 140|0x000000070c200000, 0x000000070c200000, 0x000000070c300000|  0%| F|  |TAMS 0x000000070c200000, 0x000000070c200000| Untracked 
| 141|0x000000070c300000, 0x000000070c300000, 0x000000070c400000|  0%| F|  |TAMS 0x000000070c300000, 0x000000070c300000| Untracked 
| 142|0x000000070c400000, 0x000000070c400000, 0x000000070c500000|  0%| F|  |TAMS 0x000000070c400000, 0x000000070c400000| Untracked 
| 143|0x000000070c500000, 0x000000070c500000, 0x000000070c600000|  0%| F|  |TAMS 0x000000070c500000, 0x000000070c500000| Untracked 
| 144|0x000000070c600000, 0x000000070c600000, 0x000000070c700000|  0%| F|  |TAMS 0x000000070c600000, 0x000000070c600000| Untracked 
| 145|0x000000070c700000, 0x000000070c700000, 0x000000070c800000|  0%| F|  |TAMS 0x000000070c700000, 0x000000070c700000| Untracked 
| 146|0x000000070c800000, 0x000000070c800000, 0x000000070c900000|  0%| F|  |TAMS 0x000000070c800000, 0x000000070c800000| Untracked 
| 147|0x000000070c900000, 0x000000070c900000, 0x000000070ca00000|  0%| F|  |TAMS 0x000000070c900000, 0x000000070c900000| Untracked 
| 148|0x000000070ca00000, 0x000000070ca00000, 0x000000070cb00000|  0%| F|  |TAMS 0x000000070ca00000, 0x000000070ca00000| Untracked 
| 149|0x000000070cb00000, 0x000000070cb00000, 0x000000070cc00000|  0%| F|  |TAMS 0x000000070cb00000, 0x000000070cb00000| Untracked 
| 150|0x000000070cc00000, 0x000000070cc00000, 0x000000070cd00000|  0%| F|  |TAMS 0x000000070cc00000, 0x000000070cc00000| Untracked 
| 151|0x000000070cd00000, 0x000000070cd00000, 0x000000070ce00000|  0%| F|  |TAMS 0x000000070cd00000, 0x000000070cd00000| Untracked 
| 152|0x000000070ce00000, 0x000000070ce00000, 0x000000070cf00000|  0%| F|  |TAMS 0x000000070ce00000, 0x000000070ce00000| Untracked 
| 153|0x000000070cf00000, 0x000000070cf00000, 0x000000070d000000|  0%| F|  |TAMS 0x000000070cf00000, 0x000000070cf00000| Untracked 
| 154|0x000000070d000000, 0x000000070d000000, 0x000000070d100000|  0%| F|  |TAMS 0x000000070d000000, 0x000000070d000000| Untracked 
| 155|0x000000070d100000, 0x000000070d100000, 0x000000070d200000|  0%| F|  |TAMS 0x000000070d100000, 0x000000070d100000| Untracked 
| 156|0x000000070d200000, 0x000000070d200000, 0x000000070d300000|  0%| F|  |TAMS 0x000000070d200000, 0x000000070d200000| Untracked 
| 157|0x000000070d300000, 0x000000070d300000, 0x000000070d400000|  0%| F|  |TAMS 0x000000070d300000, 0x000000070d300000| Untracked 
| 158|0x000000070d400000, 0x000000070d400000, 0x000000070d500000|  0%| F|  |TAMS 0x000000070d400000, 0x000000070d400000| Untracked 
| 159|0x000000070d500000, 0x000000070d500000, 0x000000070d600000|  0%| F|  |TAMS 0x000000070d500000, 0x000000070d500000| Untracked 
| 160|0x000000070d600000, 0x000000070d600000, 0x000000070d700000|  0%| F|  |TAMS 0x000000070d600000, 0x000000070d600000| Untracked 
| 161|0x000000070d700000, 0x000000070d700000, 0x000000070d800000|  0%| F|  |TAMS 0x000000070d700000, 0x000000070d700000| Untracked 
| 162|0x000000070d800000, 0x000000070d900000, 0x000000070d900000|100%| E|  |TAMS 0x000000070d800000, 0x000000070d800000| Complete 
| 163|0x000000070d900000, 0x000000070da00000, 0x000000070da00000|100%| E|CS|TAMS 0x000000070d900000, 0x000000070d900000| Complete 
| 164|0x000000070da00000, 0x000000070db00000, 0x000000070db00000|100%| E|CS|TAMS 0x000000070da00000, 0x000000070da00000| Complete 
| 165|0x000000070db00000, 0x000000070dc00000, 0x000000070dc00000|100%| E|CS|TAMS 0x000000070db00000, 0x000000070db00000| Complete 
| 166|0x000000070dc00000, 0x000000070dd00000, 0x000000070dd00000|100%| E|CS|TAMS 0x000000070dc00000, 0x000000070dc00000| Complete 
| 167|0x000000070dd00000, 0x000000070de00000, 0x000000070de00000|100%| E|CS|TAMS 0x000000070dd00000, 0x000000070dd00000| Complete 
| 168|0x000000070de00000, 0x000000070df00000, 0x000000070df00000|100%| E|CS|TAMS 0x000000070de00000, 0x000000070de00000| Complete 
| 169|0x000000070df00000, 0x000000070e000000, 0x000000070e000000|100%| E|CS|TAMS 0x000000070df00000, 0x000000070df00000| Complete 
| 170|0x000000070e000000, 0x000000070e100000, 0x000000070e100000|100%| E|CS|TAMS 0x000000070e000000, 0x000000070e000000| Complete 
| 171|0x000000070e100000, 0x000000070e200000, 0x000000070e200000|100%| E|CS|TAMS 0x000000070e100000, 0x000000070e100000| Complete 
| 172|0x000000070e200000, 0x000000070e300000, 0x000000070e300000|100%| E|CS|TAMS 0x000000070e200000, 0x000000070e200000| Complete 
| 173|0x000000070e300000, 0x000000070e400000, 0x000000070e400000|100%| E|CS|TAMS 0x000000070e300000, 0x000000070e300000| Complete 
| 174|0x000000070e400000, 0x000000070e500000, 0x000000070e500000|100%| E|CS|TAMS 0x000000070e400000, 0x000000070e400000| Complete 
| 175|0x000000070e500000, 0x000000070e600000, 0x000000070e600000|100%| E|CS|TAMS 0x000000070e500000, 0x000000070e500000| Complete 
| 176|0x000000070e600000, 0x000000070e700000, 0x000000070e700000|100%| E|CS|TAMS 0x000000070e600000, 0x000000070e600000| Complete 
| 177|0x000000070e700000, 0x000000070e800000, 0x000000070e800000|100%| E|CS|TAMS 0x000000070e700000, 0x000000070e700000| Complete 
| 178|0x000000070e800000, 0x000000070e900000, 0x000000070e900000|100%| E|CS|TAMS 0x000000070e800000, 0x000000070e800000| Complete 
| 179|0x000000070e900000, 0x000000070ea00000, 0x000000070ea00000|100%| E|CS|TAMS 0x000000070e900000, 0x000000070e900000| Complete 
| 180|0x000000070ea00000, 0x000000070eb00000, 0x000000070eb00000|100%| E|CS|TAMS 0x000000070ea00000, 0x000000070ea00000| Complete 
| 181|0x000000070eb00000, 0x000000070ec00000, 0x000000070ec00000|100%| E|CS|TAMS 0x000000070eb00000, 0x000000070eb00000| Complete 
| 182|0x000000070ec00000, 0x000000070ed00000, 0x000000070ed00000|100%| E|CS|TAMS 0x000000070ec00000, 0x000000070ec00000| Complete 
| 183|0x000000070ed00000, 0x000000070ee00000, 0x000000070ee00000|100%| E|CS|TAMS 0x000000070ed00000, 0x000000070ed00000| Complete 
| 184|0x000000070ee00000, 0x000000070ef00000, 0x000000070ef00000|100%| E|CS|TAMS 0x000000070ee00000, 0x000000070ee00000| Complete 
| 185|0x000000070ef00000, 0x000000070f000000, 0x000000070f000000|100%| E|CS|TAMS 0x000000070ef00000, 0x000000070ef00000| Complete 
| 186|0x000000070f000000, 0x000000070f100000, 0x000000070f100000|100%| E|CS|TAMS 0x000000070f000000, 0x000000070f000000| Complete 
| 187|0x000000070f100000, 0x000000070f200000, 0x000000070f200000|100%| E|CS|TAMS 0x000000070f100000, 0x000000070f100000| Complete 
| 188|0x000000070f200000, 0x000000070f300000, 0x000000070f300000|100%| E|CS|TAMS 0x000000070f200000, 0x000000070f200000| Complete 
| 189|0x000000070f300000, 0x000000070f400000, 0x000000070f400000|100%| E|CS|TAMS 0x000000070f300000, 0x000000070f300000| Complete 
| 190|0x000000070f400000, 0x000000070f500000, 0x000000070f500000|100%| E|CS|TAMS 0x000000070f400000, 0x000000070f400000| Complete 
| 191|0x000000070f500000, 0x000000070f600000, 0x000000070f600000|100%| E|CS|TAMS 0x000000070f500000, 0x000000070f500000| Complete 
| 192|0x000000070f600000, 0x000000070f700000, 0x000000070f700000|100%| E|CS|TAMS 0x000000070f600000, 0x000000070f600000| Complete 
| 193|0x000000070f700000, 0x000000070f800000, 0x000000070f800000|100%| E|CS|TAMS 0x000000070f700000, 0x000000070f700000| Complete 
| 194|0x000000070f800000, 0x000000070f900000, 0x000000070f900000|100%| E|CS|TAMS 0x000000070f800000, 0x000000070f800000| Complete 
| 195|0x000000070f900000, 0x000000070fa00000, 0x000000070fa00000|100%| E|CS|TAMS 0x000000070f900000, 0x000000070f900000| Complete 
| 196|0x000000070fa00000, 0x000000070fb00000, 0x000000070fb00000|100%| E|CS|TAMS 0x000000070fa00000, 0x000000070fa00000| Complete 
| 197|0x000000070fb00000, 0x000000070fc00000, 0x000000070fc00000|100%| E|CS|TAMS 0x000000070fb00000, 0x000000070fb00000| Complete 
| 198|0x000000070fc00000, 0x000000070fd00000, 0x000000070fd00000|100%| E|CS|TAMS 0x000000070fc00000, 0x000000070fc00000| Complete 
| 199|0x000000070fd00000, 0x000000070fe00000, 0x000000070fe00000|100%| E|CS|TAMS 0x000000070fd00000, 0x000000070fd00000| Complete 
| 200|0x000000070fe00000, 0x000000070ff00000, 0x000000070ff00000|100%| E|CS|TAMS 0x000000070fe00000, 0x000000070fe00000| Complete 
| 201|0x000000070ff00000, 0x0000000710000000, 0x0000000710000000|100%| E|CS|TAMS 0x000000070ff00000, 0x000000070ff00000| Complete 
| 202|0x0000000710000000, 0x0000000710100000, 0x0000000710100000|100%| E|CS|TAMS 0x0000000710000000, 0x0000000710000000| Complete 
| 203|0x0000000710100000, 0x0000000710200000, 0x0000000710200000|100%| E|CS|TAMS 0x0000000710100000, 0x0000000710100000| Complete 
| 204|0x0000000710200000, 0x0000000710300000, 0x0000000710300000|100%| E|CS|TAMS 0x0000000710200000, 0x0000000710200000| Complete 
| 205|0x0000000710300000, 0x0000000710400000, 0x0000000710400000|100%| E|CS|TAMS 0x0000000710300000, 0x0000000710300000| Complete 
| 206|0x0000000710400000, 0x0000000710500000, 0x0000000710500000|100%| E|CS|TAMS 0x0000000710400000, 0x0000000710400000| Complete 
| 207|0x0000000710500000, 0x0000000710600000, 0x0000000710600000|100%| E|CS|TAMS 0x0000000710500000, 0x0000000710500000| Complete 
| 208|0x0000000710600000, 0x0000000710700000, 0x0000000710700000|100%| E|CS|TAMS 0x0000000710600000, 0x0000000710600000| Complete 
| 209|0x0000000710700000, 0x0000000710800000, 0x0000000710800000|100%| E|CS|TAMS 0x0000000710700000, 0x0000000710700000| Complete 
| 210|0x0000000710800000, 0x0000000710900000, 0x0000000710900000|100%| E|CS|TAMS 0x0000000710800000, 0x0000000710800000| Complete 
| 211|0x0000000710900000, 0x0000000710a00000, 0x0000000710a00000|100%| E|CS|TAMS 0x0000000710900000, 0x0000000710900000| Complete 
| 212|0x0000000710a00000, 0x0000000710b00000, 0x0000000710b00000|100%| E|CS|TAMS 0x0000000710a00000, 0x0000000710a00000| Complete 
| 213|0x0000000710b00000, 0x0000000710c00000, 0x0000000710c00000|100%| E|CS|TAMS 0x0000000710b00000, 0x0000000710b00000| Complete 
| 214|0x0000000710c00000, 0x0000000710d00000, 0x0000000710d00000|100%| E|CS|TAMS 0x0000000710c00000, 0x0000000710c00000| Complete 
| 215|0x0000000710d00000, 0x0000000710e00000, 0x0000000710e00000|100%| E|CS|TAMS 0x0000000710d00000, 0x0000000710d00000| Complete 
| 216|0x0000000710e00000, 0x0000000710f00000, 0x0000000710f00000|100%| E|CS|TAMS 0x0000000710e00000, 0x0000000710e00000| Complete 
| 217|0x0000000710f00000, 0x0000000711000000, 0x0000000711000000|100%| E|CS|TAMS 0x0000000710f00000, 0x0000000710f00000| Complete 
| 218|0x0000000711000000, 0x0000000711100000, 0x0000000711100000|100%| E|CS|TAMS 0x0000000711000000, 0x0000000711000000| Complete 
| 219|0x0000000711100000, 0x0000000711200000, 0x0000000711200000|100%| E|CS|TAMS 0x0000000711100000, 0x0000000711100000| Complete 
| 220|0x0000000711200000, 0x0000000711300000, 0x0000000711300000|100%| E|CS|TAMS 0x0000000711200000, 0x0000000711200000| Complete 
| 221|0x0000000711300000, 0x0000000711400000, 0x0000000711400000|100%| E|CS|TAMS 0x0000000711300000, 0x0000000711300000| Complete 
| 222|0x0000000711400000, 0x0000000711500000, 0x0000000711500000|100%| E|CS|TAMS 0x0000000711400000, 0x0000000711400000| Complete 
| 223|0x0000000711500000, 0x0000000711600000, 0x0000000711600000|100%| E|CS|TAMS 0x0000000711500000, 0x0000000711500000| Complete 
| 224|0x0000000711600000, 0x0000000711700000, 0x0000000711700000|100%| E|CS|TAMS 0x0000000711600000, 0x0000000711600000| Complete 
| 225|0x0000000711700000, 0x0000000711800000, 0x0000000711800000|100%| E|CS|TAMS 0x0000000711700000, 0x0000000711700000| Complete 
| 226|0x0000000711800000, 0x0000000711900000, 0x0000000711900000|100%| E|CS|TAMS 0x0000000711800000, 0x0000000711800000| Complete 
| 227|0x0000000711900000, 0x0000000711a00000, 0x0000000711a00000|100%| E|CS|TAMS 0x0000000711900000, 0x0000000711900000| Complete 
| 228|0x0000000711a00000, 0x0000000711b00000, 0x0000000711b00000|100%| E|CS|TAMS 0x0000000711a00000, 0x0000000711a00000| Complete 
| 229|0x0000000711b00000, 0x0000000711c00000, 0x0000000711c00000|100%| E|CS|TAMS 0x0000000711b00000, 0x0000000711b00000| Complete 
| 230|0x0000000711c00000, 0x0000000711d00000, 0x0000000711d00000|100%| E|CS|TAMS 0x0000000711c00000, 0x0000000711c00000| Complete 
| 231|0x0000000711d00000, 0x0000000711e00000, 0x0000000711e00000|100%| E|CS|TAMS 0x0000000711d00000, 0x0000000711d00000| Complete 
| 232|0x0000000711e00000, 0x0000000711f00000, 0x0000000711f00000|100%| E|CS|TAMS 0x0000000711e00000, 0x0000000711e00000| Complete 
| 233|0x0000000711f00000, 0x0000000712000000, 0x0000000712000000|100%| E|CS|TAMS 0x0000000711f00000, 0x0000000711f00000| Complete 
| 234|0x0000000712000000, 0x0000000712100000, 0x0000000712100000|100%| E|CS|TAMS 0x0000000712000000, 0x0000000712000000| Complete 
| 235|0x0000000712100000, 0x0000000712200000, 0x0000000712200000|100%| E|CS|TAMS 0x0000000712100000, 0x0000000712100000| Complete 
| 236|0x0000000712200000, 0x0000000712300000, 0x0000000712300000|100%| E|CS|TAMS 0x0000000712200000, 0x0000000712200000| Complete 
| 237|0x0000000712300000, 0x0000000712400000, 0x0000000712400000|100%| E|CS|TAMS 0x0000000712300000, 0x0000000712300000| Complete 
| 238|0x0000000712400000, 0x0000000712500000, 0x0000000712500000|100%| E|CS|TAMS 0x0000000712400000, 0x0000000712400000| Complete 
| 239|0x0000000712500000, 0x0000000712600000, 0x0000000712600000|100%| E|CS|TAMS 0x0000000712500000, 0x0000000712500000| Complete 
| 240|0x0000000712600000, 0x0000000712700000, 0x0000000712700000|100%| E|CS|TAMS 0x0000000712600000, 0x0000000712600000| Complete 
| 241|0x0000000712700000, 0x0000000712800000, 0x0000000712800000|100%| E|CS|TAMS 0x0000000712700000, 0x0000000712700000| Complete 
| 242|0x0000000712800000, 0x0000000712900000, 0x0000000712900000|100%| E|CS|TAMS 0x0000000712800000, 0x0000000712800000| Complete 
| 243|0x0000000712900000, 0x0000000712a00000, 0x0000000712a00000|100%| E|CS|TAMS 0x0000000712900000, 0x0000000712900000| Complete 
| 244|0x0000000712a00000, 0x0000000712b00000, 0x0000000712b00000|100%| E|CS|TAMS 0x0000000712a00000, 0x0000000712a00000| Complete 
| 245|0x0000000712b00000, 0x0000000712c00000, 0x0000000712c00000|100%| E|CS|TAMS 0x0000000712b00000, 0x0000000712b00000| Complete 
| 246|0x0000000712c00000, 0x0000000712d00000, 0x0000000712d00000|100%| E|CS|TAMS 0x0000000712c00000, 0x0000000712c00000| Complete 
| 247|0x0000000712d00000, 0x0000000712e00000, 0x0000000712e00000|100%| E|CS|TAMS 0x0000000712d00000, 0x0000000712d00000| Complete 
| 248|0x0000000712e00000, 0x0000000712f00000, 0x0000000712f00000|100%| E|CS|TAMS 0x0000000712e00000, 0x0000000712e00000| Complete 
| 249|0x0000000712f00000, 0x0000000713000000, 0x0000000713000000|100%| E|CS|TAMS 0x0000000712f00000, 0x0000000712f00000| Complete 
| 250|0x0000000713000000, 0x0000000713100000, 0x0000000713100000|100%| E|CS|TAMS 0x0000000713000000, 0x0000000713000000| Complete 
| 251|0x0000000713100000, 0x0000000713200000, 0x0000000713200000|100%| E|CS|TAMS 0x0000000713100000, 0x0000000713100000| Complete 
| 252|0x0000000713200000, 0x0000000713300000, 0x0000000713300000|100%| E|CS|TAMS 0x0000000713200000, 0x0000000713200000| Complete 
| 253|0x0000000713300000, 0x0000000713400000, 0x0000000713400000|100%| E|CS|TAMS 0x0000000713300000, 0x0000000713300000| Complete 

Card table byte_map: [0x0000013f17120000,0x0000013f17910000] _byte_map_base: 0x0000013f13905000

Marking Bits (Prev, Next): (CMBitMap*) 0x0000013f20081e18, (CMBitMap*) 0x0000013f20081e50
 Prev Bits: [0x0000013f18100000, 0x0000013f1c028000)
 Next Bits: [0x0000013f1c030000, 0x0000013f1ff58000)

Polling page: 0x0000013f7d950000

Metaspace:

Usage:
  Non-class:     36.47 MB capacity,    35.64 MB ( 98%) used,   678.59 KB (  2%) free+waste,   173.75 KB ( <1%) overhead. 
      Class:      5.35 MB capacity,     4.76 MB ( 89%) used,   522.34 KB ( 10%) free+waste,    87.44 KB (  2%) overhead. 
       Both:     41.82 MB capacity,    40.39 MB ( 97%) used,     1.17 MB (  3%) free+waste,   261.19 KB ( <1%) overhead. 

Virtual space:
  Non-class space:       38.00 MB reserved,      36.50 MB ( 96%) committed 
      Class space:        1.00 GB reserved,       5.38 MB ( <1%) committed 
             Both:        1.04 GB reserved,      41.88 MB (  4%) committed 

Chunk freelists:
   Non-Class:  4.12 KB
       Class:  2.62 KB
        Both:  6.75 KB

CodeHeap 'non-profiled nmethods': size=120000Kb used=2690Kb max_used=2690Kb free=117309Kb
 bounds [0x0000013f0f1e0000, 0x0000013f0f490000, 0x0000013f16710000]
CodeHeap 'profiled nmethods': size=120000Kb used=9784Kb max_used=9784Kb free=110215Kb
 bounds [0x0000013f07cb0000, 0x0000013f08640000, 0x0000013f0f1e0000]
CodeHeap 'non-nmethods': size=5760Kb used=1245Kb max_used=1264Kb free=4514Kb
 bounds [0x0000013f07710000, 0x0000013f07980000, 0x0000013f07cb0000]
 total_blobs=4992 nmethods=4399 adapters=503
 compilation: enabled
              stopped_count=0, restarted_count=0
 full_count=0

Compilation events (10 events):
Event: 106.367 Thread 0x0000013f23468800 nmethod 4394 0x0000013f0f47a290 code [0x0000013f0f47a520, 0x0000013f0f47d0c0]
Event: 106.367 Thread 0x0000013f23468800 4399       4       java.lang.StringUTF16::checkIndex (9 bytes)
Event: 106.368 Thread 0x0000013f23468800 nmethod 4399 0x0000013f0f47ec90 code [0x0000013f0f47ee00, 0x0000013f0f47ee78]
Event: 106.368 Thread 0x0000013f23468800 4395       4       sun.net.www.protocol.jar.Handler::parseContextSpec (150 bytes)
Event: 106.369 Thread 0x0000013f23486800 4400       3       java.lang.Package::<init> (47 bytes)
Event: 106.370 Thread 0x0000013f23486800 nmethod 4400 0x0000013f0863ac10 code [0x0000013f0863ae00, 0x0000013f0863b268]
Event: 106.370 Thread 0x0000013f23486800 4401       3       java.lang.Package$VersionInfo::getInstance (53 bytes)
Event: 106.370 Thread 0x0000013f23486800 nmethod 4401 0x0000013f0863b490 code [0x0000013f0863b640, 0x0000013f0863b9e8]
Event: 106.383 Thread 0x0000013f23468800 nmethod 4395 0x0000013f0f47ef90 code [0x0000013f0f47f140, 0x0000013f0f47f958]
Event: 106.465 Thread 0x0000013f23468800 4402       4       java.net.URLStreamHandler::parseURL (1201 bytes)

GC Heap History (8 events):
Event: 1.740 GC heap before
{Heap before GC invocations=0 (full 0):
 garbage-first heap   total 260096K, used 24576K [0x0000000703600000, 0x0000000800000000)
  region size 1024K, 24 young (24576K), 0 survivors (0K)
 Metaspace       used 12649K, capacity 12963K, committed 13184K, reserved 1060864K
  class space    used 1240K, capacity 1326K, committed 1408K, reserved 1048576K
}
Event: 1.749 GC heap after
{Heap after GC invocations=1 (full 0):
 garbage-first heap   total 260096K, used 8378K [0x0000000703600000, 0x0000000800000000)
  region size 1024K, 3 young (3072K), 3 survivors (3072K)
 Metaspace       used 12649K, capacity 12963K, committed 13184K, reserved 1060864K
  class space    used 1240K, capacity 1326K, committed 1408K, reserved 1048576K
}
Event: 2.256 GC heap before
{Heap before GC invocations=1 (full 0):
 garbage-first heap   total 260096K, used 32954K [0x0000000703600000, 0x0000000800000000)
  region size 1024K, 27 young (27648K), 3 survivors (3072K)
 Metaspace       used 16128K, capacity 16544K, committed 16640K, reserved 1064960K
  class space    used 1643K, capacity 1767K, committed 1792K, reserved 1048576K
}
Event: 2.264 GC heap after
{Heap after GC invocations=2 (full 0):
 garbage-first heap   total 260096K, used 9981K [0x0000000703600000, 0x0000000800000000)
  region size 1024K, 2 young (2048K), 2 survivors (2048K)
 Metaspace       used 16128K, capacity 16544K, committed 16640K, reserved 1064960K
  class space    used 1643K, capacity 1767K, committed 1792K, reserved 1048576K
}
Event: 3.387 GC heap before
{Heap before GC invocations=2 (full 0):
 garbage-first heap   total 260096K, used 56061K [0x0000000703600000, 0x0000000800000000)
  region size 1024K, 48 young (49152K), 2 survivors (2048K)
 Metaspace       used 20614K, capacity 21211K, committed 21248K, reserved 1069056K
  class space    used 2279K, capacity 2555K, committed 2560K, reserved 1048576K
}
Event: 3.393 GC heap after
{Heap after GC invocations=3 (full 0):
 garbage-first heap   total 260096K, used 11517K [0x0000000703600000, 0x0000000800000000)
  region size 1024K, 3 young (3072K), 3 survivors (3072K)
 Metaspace       used 20614K, capacity 21211K, committed 21248K, reserved 1069056K
  class space    used 2279K, capacity 2555K, committed 2560K, reserved 1048576K
}
Event: 8.833 GC heap before
{Heap before GC invocations=4 (full 0):
 garbage-first heap   total 260096K, used 153853K [0x0000000703600000, 0x0000000800000000)
  region size 1024K, 123 young (125952K), 3 survivors (3072K)
 Metaspace       used 34669K, capacity 35755K, committed 35840K, reserved 1081344K
  class space    used 4064K, capacity 4549K, committed 4608K, reserved 1048576K
}
Event: 8.855 GC heap after
{Heap after GC invocations=5 (full 0):
 garbage-first heap   total 260096K, used 20600K [0x0000000703600000, 0x0000000800000000)
  region size 1024K, 12 young (12288K), 12 survivors (12288K)
 Metaspace       used 34669K, capacity 35755K, committed 35840K, reserved 1081344K
  class space    used 4064K, capacity 4549K, committed 4608K, reserved 1048576K
}

Deoptimization events (10 events):
Event: 83.319 Thread 0x0000013f000ab000 Uncommon trap: reason=unstable_if action=reinterpret pc=0x0000013f0f456f58 method=java.lang.String.trim()Ljava/lang/String; @ 4 c2
Event: 83.329 Thread 0x0000013f000ab000 Uncommon trap: reason=unstable_if action=reinterpret pc=0x0000013f0f3955b8 method=java.util.regex.Pattern.lambda$DOT$5(I)Z @ 9 c2
Event: 83.329 Thread 0x0000013f000ab000 Uncommon trap: reason=unstable_if action=reinterpret pc=0x0000013f0f2383cc method=java.lang.String.substring(II)Ljava/lang/String; @ 31 c2
Event: 83.334 Thread 0x0000013f000ab000 Uncommon trap: reason=class_check action=maybe_recompile pc=0x0000013f0f25e270 method=java.util.concurrent.ConcurrentHashMap.putVal(Ljava/lang/Object;Ljava/lang/Object;Z)Ljava/lang/Object; @ 242 c2
Event: 83.380 Thread 0x0000013f000ab000 Uncommon trap: reason=profile_predicate action=maybe_recompile pc=0x0000013f0f4620d4 method=java.util.regex.Pattern$Slice.match(Ljava/util/regex/Matcher;ILjava/lang/CharSequence;)Z @ 18 c2
Event: 83.584 Thread 0x0000013f000ab000 Uncommon trap: reason=profile_predicate action=maybe_recompile pc=0x0000013f0f4620d4 method=java.util.regex.Pattern$Slice.match(Ljava/util/regex/Matcher;ILjava/lang/CharSequence;)Z @ 18 c2
Event: 84.540 Thread 0x0000013f000ab000 Uncommon trap: reason=unstable_if action=reinterpret pc=0x0000013f0f463d34 method=java.util.concurrent.ConcurrentHashMap.putVal(Ljava/lang/Object;Ljava/lang/Object;Z)Ljava/lang/Object; @ 231 c2
Event: 100.764 Thread 0x0000013f000ab000 Uncommon trap: reason=profile_predicate action=maybe_recompile pc=0x0000013f0f4620d4 method=java.util.regex.Pattern$Slice.match(Ljava/util/regex/Matcher;ILjava/lang/CharSequence;)Z @ 18 c2
Event: 100.764 Thread 0x0000013f000ab000 Uncommon trap: reason=profile_predicate action=maybe_recompile pc=0x0000013f0f4620d4 method=java.util.regex.Pattern$Slice.match(Ljava/util/regex/Matcher;ILjava/lang/CharSequence;)Z @ 18 c2
Event: 105.987 Thread 0x0000013f000ab000 Uncommon trap: reason=unstable_if action=reinterpret pc=0x0000013f0f240c60 method=java.util.Objects.equals(Ljava/lang/Object;Ljava/lang/Object;)Z @ 6 c2

Classes redefined (0 events):
No events

Internal exceptions (10 events):
Event: 100.858 Thread 0x0000013f25e7c800 Exception <a 'java/net/ConnectException'{0x00000007114a57a8}: Connection refused: connect> (0x00000007114a57a8) thrown at [./open/src/hotspot/share/prims/jni.cpp, line 632]
Event: 100.878 Thread 0x0000013f25e7c800 Exception <a 'java/net/ConnectException'{0x00000007114a66b8}: Connection refused: connect> (0x00000007114a66b8) thrown at [./open/src/hotspot/share/prims/jni.cpp, line 632]
Event: 100.925 Thread 0x0000013f25e7c800 Exception <a 'java/net/ConnectException'{0x00000007114a75c8}: Connection refused: connect> (0x00000007114a75c8) thrown at [./open/src/hotspot/share/prims/jni.cpp, line 632]
Event: 100.982 Thread 0x0000013f25e7c800 Exception <a 'java/net/ConnectException'{0x00000007114a84d8}: Connection refused: connect> (0x00000007114a84d8) thrown at [./open/src/hotspot/share/prims/jni.cpp, line 632]
Event: 101.088 Thread 0x0000013f25e7c800 Exception <a 'java/net/ConnectException'{0x00000007114a93e8}: Connection refused: connect> (0x00000007114a93e8) thrown at [./open/src/hotspot/share/prims/jni.cpp, line 632]
Event: 101.253 Thread 0x0000013f25e7c800 Exception <a 'java/net/ConnectException'{0x00000007114aa2f8}: Connection refused: connect> (0x00000007114aa2f8) thrown at [./open/src/hotspot/share/prims/jni.cpp, line 632]
Event: 105.931 Thread 0x0000013f25e7c800 Exception <a 'java/net/SocketException'{0x000000070f60d2b8}: Software caused connection abort: recv failed> (0x000000070f60d2b8) thrown at [./open/src/hotspot/share/prims/jni.cpp, line 632]
Event: 105.932 Thread 0x0000013f25e7c800 Exception <a 'java/net/ConnectException'{0x000000070f60dba0}: Connection refused: connect> (0x000000070f60dba0) thrown at [./open/src/hotspot/share/prims/jni.cpp, line 632]
Event: 105.958 Thread 0x0000013f000ab000 Exception <a 'java/lang/reflect/InvocationTargetException'{0x000000070f471200}> (0x000000070f471200) thrown at [./open/src/hotspot/share/runtime/reflection.cpp, line 1240]
Event: 105.962 Thread 0x0000013f000ab000 Exception <a 'java/lang/reflect/InvocationTargetException'{0x000000070f338330}> (0x000000070f338330) thrown at [./open/src/hotspot/share/runtime/reflection.cpp, line 1240]

Events (10 events):
Event: 106.618 loading class io/cucumber/core/internal/com/fasterxml/jackson/databind/ser/impl/IteratorSerializer
Event: 106.618 loading class io/cucumber/core/internal/com/fasterxml/jackson/databind/ser/impl/IteratorSerializer done
Event: 106.619 loading class io/cucumber/core/internal/com/fasterxml/jackson/databind/ser/std/EnumSerializer
Event: 106.619 loading class io/cucumber/core/internal/com/fasterxml/jackson/databind/ser/std/EnumSerializer done
Event: 106.620 loading class io/cucumber/core/internal/com/fasterxml/jackson/databind/ser/std/IterableSerializer
Event: 106.620 loading class io/cucumber/core/internal/com/fasterxml/jackson/databind/ser/std/IterableSerializer done
Event: 106.621 loading class io/cucumber/core/internal/com/fasterxml/jackson/databind/ser/impl/IndexedStringListSerializer
Event: 106.621 loading class io/cucumber/core/internal/com/fasterxml/jackson/databind/ser/impl/IndexedStringListSerializer done
Event: 106.621 loading class io/cucumber/core/internal/com/fasterxml/jackson/databind/ser/std/StaticListSerializerBase
Event: 106.621 loading class io/cucumber/core/internal/com/fasterxml/jackson/databind/ser/std/StaticListSerializerBase done


Dynamic libraries:
0x00007ff663af0000 - 0x00007ff663b00000 	C:\Program Files\Java\jdk-11\bin\javaw.exe
0x0000013f7dcb0000 - 0x0000013f7dec7000 	C:\Windows\SYSTEM32\ntd1l.dll
0x0000013f7ded0000 - 0x0000013f7df94000 	C:\Windows\System32\kern3l32.dll
0x00007ffbec790000 - 0x00007ffbec9a7000 	C:\Windows\SYSTEM32\ntdll.dll
0x00007ffbeb240000 - 0x00007ffbeb304000 	C:\Windows\System32\KERNEL32.DLL
0x00007ffbe9c20000 - 0x00007ffbe9ff3000 	C:\Windows\System32\KERNELBASE.dll
0x00007ffbe90d0000 - 0x00007ffbe94b7000 	C:\Program Files\SentinelOne\Sentinel Agent 24.2.3.471\InProcessClient64.dll
0x00007ffbeab70000 - 0x00007ffbeac21000 	C:\Windows\System32\ADVAPI32.dll
0x00007ffbea7d0000 - 0x00007ffbea877000 	C:\Windows\System32\msvcrt.dll
0x00007ffbeb310000 - 0x00007ffbeb3b7000 	C:\Windows\System32\sechost.dll
0x00007ffbe90c0000 - 0x00007ffbe90ca000 	C:\Windows\SYSTEM32\VERSION.dll
0x00007ffbea000000 - 0x00007ffbea028000 	C:\Windows\System32\bcrypt.dll
0x00007ffbec500000 - 0x00007ffbec614000 	C:\Windows\System32\RPCRT4.dll
0x00007ffbe98b0000 - 0x00007ffbe99c1000 	C:\Windows\System32\ucrtbase.dll
0x00007ffbce2e0000 - 0x00007ffbce2f9000 	C:\Program Files\Java\jdk-11\bin\jli.dll
0x00007ffbce2c0000 - 0x00007ffbce2db000 	C:\Program Files\Java\jdk-11\bin\VCRUNTIME140.dll
0x00007ffbea9b0000 - 0x00007ffbeab61000 	C:\Windows\System32\USER32.dll
0x00007ffbd2580000 - 0x00007ffbd281b000 	C:\Windows\WinSxS\amd64_microsoft.windows.common-controls_6595b64144ccf1df_6.0.22621.5262_none_2712bde373830908\COMCTL32.dll
0x00007ffbe9880000 - 0x00007ffbe98a6000 	C:\Windows\System32\win32u.dll
0x00007ffbebf60000 - 0x00007ffbebf89000 	C:\Windows\System32\GDI32.dll
0x00007ffbe9a50000 - 0x00007ffbe9b72000 	C:\Windows\System32\gdi32full.dll
0x00007ffbe9b80000 - 0x00007ffbe9c1a000 	C:\Windows\System32\msvcp_win.dll
0x00007ffbe90b0000 - 0x00007ffbe90bb000 	C:\Windows\SYSTEM32\FLTLIB.DLL
0x00007ffbebd10000 - 0x00007ffbebd41000 	C:\Windows\System32\IMM32.DLL
0x00007ffbc25f0000 - 0x00007ffbc25fc000 	C:\Program Files\Java\jdk-11\bin\vcruntime140_1.dll
0x00007ffbbe2d0000 - 0x00007ffbbe35e000 	C:\Program Files\Java\jdk-11\bin\msvcp140.dll
0x00007ffbbd6e0000 - 0x00007ffbbe24d000 	C:\Program Files\Java\jdk-11\bin\server\jvm.dll
0x00007ffbea590000 - 0x00007ffbea598000 	C:\Windows\System32\PSAPI.DLL
0x00007ffbcaac0000 - 0x00007ffbcaac9000 	C:\Windows\SYSTEM32\WSOCK32.dll
0x00007ffbebee0000 - 0x00007ffbebf51000 	C:\Windows\System32\WS2_32.dll
0x00007ffbe0d60000 - 0x00007ffbe0d94000 	C:\Windows\SYSTEM32\WINMM.dll
0x00007ffbe8480000 - 0x00007ffbe8498000 	C:\Windows\SYSTEM32\kernel.appcore.dll
0x00007ffbc1b20000 - 0x00007ffbc1b30000 	C:\Program Files\Java\jdk-11\bin\verify.dll
0x00007ffbe6740000 - 0x00007ffbe6972000 	C:\Windows\SYSTEM32\DBGHELP.DLL
0x00007ffbebf90000 - 0x00007ffbec323000 	C:\Windows\System32\combase.dll
0x00007ffbec670000 - 0x00007ffbec747000 	C:\Windows\System32\OLEAUT32.dll
0x00007ffbde7c0000 - 0x00007ffbde7f2000 	C:\Windows\SYSTEM32\dbgcore.DLL
0x00007ffbea260000 - 0x00007ffbea2db000 	C:\Windows\System32\bcryptPrimitives.dll
0x00007ffbbc4d0000 - 0x00007ffbbc4f8000 	C:\Program Files\Java\jdk-11\bin\java.dll
0x00007ffbbd440000 - 0x00007ffbbd44a000 	C:\Program Files\Java\jdk-11\bin\jimage.dll
0x00007ffbbc3d0000 - 0x00007ffbbc47c000 	C:\Program Files\SentinelOne\Sentinel Agent 24.2.3.471\SentinelJava64.dll
0x00007ffbea5a0000 - 0x00007ffbea741000 	C:\Windows\System32\ole32.dll
0x00007ffbbc310000 - 0x00007ffbbc327000 	C:\Program Files\Java\jdk-11\bin\zip.dll
0x0000013f23810000 - 0x0000013f240ad000 	C:\Windows\System32\SHELL32.dll
0x00007ffbea2e0000 - 0x00007ffbea41f000 	C:\Windows\System32\wintypes.dll
0x00007ffbe70c0000 - 0x00007ffbe79dd000 	C:\Windows\SYSTEM32\windows.storage.dll
0x00007ffbebdd0000 - 0x00007ffbebedb000 	C:\Windows\System32\SHCORE.dll
0x00007ffbea760000 - 0x00007ffbea7c6000 	C:\Windows\System32\shlwapi.dll
0x00007ffbe97b0000 - 0x00007ffbe97db000 	C:\Windows\SYSTEM32\profapi.dll
0x00007ffbbc290000 - 0x00007ffbbc2a9000 	C:\Program Files\Java\jdk-11\bin\net.dll
0x00007ffbe84a0000 - 0x00007ffbe85cc000 	C:\Windows\SYSTEM32\WINHTTP.dll
0x00007ffbe8a20000 - 0x00007ffbe8a8a000 	C:\Windows\system32\mswsock.dll
0x00007ffbbbdd0000 - 0x00007ffbbbde2000 	C:\Program Files\Java\jdk-11\bin\nio.dll
0x00007ffbe7c60000 - 0x00007ffbe7d58000 	C:\Windows\SYSTEM32\DNSAPI.dll
0x00007ffbe7c30000 - 0x00007ffbe7c5d000 	C:\Windows\SYSTEM32\IPHLPAPI.DLL
0x00007ffbea880000 - 0x00007ffbea889000 	C:\Windows\System32\NSI.dll
0x00007ffbdebe0000 - 0x00007ffbdebea000 	C:\Windows\System32\rasadhlp.dll
0x00007ffbdead0000 - 0x00007ffbdeb53000 	C:\Windows\System32\fwpuclnt.dll
0x00007ffbe8cc0000 - 0x00007ffbe8cdb000 	C:\Windows\SYSTEM32\CRYPTSP.dll
0x00007ffbe83e0000 - 0x00007ffbe8417000 	C:\Windows\system32\rsaenh.dll
0x00007ffbe8ac0000 - 0x00007ffbe8ae8000 	C:\Windows\SYSTEM32\USERENV.dll
0x00007ffbe8ca0000 - 0x00007ffbe8cac000 	C:\Windows\SYSTEM32\CRYPTBASE.dll
0x00007ffbe0da0000 - 0x00007ffbe0db9000 	C:\Windows\SYSTEM32\dhcpcsvc6.DLL
0x00007ffbe0d40000 - 0x00007ffbe0d5f000 	C:\Windows\SYSTEM32\dhcpcsvc.DLL
0x00007ffbb23d0000 - 0x00007ffbb23f7000 	C:\Program Files\Java\jdk-11\bin\sunec.dll
0x00007ffbb4730000 - 0x00007ffbb473e000 	C:\Program Files\Java\jdk-11\bin\sunmscapi.dll
0x00007ffbea0f0000 - 0x00007ffbea257000 	C:\Windows\System32\CRYPT32.dll
0x00007ffbe8d40000 - 0x00007ffbe8d6d000 	C:\Windows\SYSTEM32\ncrypt.dll
0x00007ffbe8d00000 - 0x00007ffbe8d37000 	C:\Windows\SYSTEM32\NTASN1.dll
0x00007ffbba7d0000 - 0x00007ffbba7d9000 	C:\Program Files\Java\jdk-11\bin\management.dll
0x00007ffbba7c0000 - 0x00007ffbba7cb000 	C:\Program Files\Java\jdk-11\bin\management_ext.dll
0x00007ffbb2c80000 - 0x00007ffbb2c97000 	C:\Windows\system32\napinsp.dll
0x00007ffbb2850000 - 0x00007ffbb286b000 	C:\Windows\system32\pnrpnsp.dll
0x00007ffbb2560000 - 0x00007ffbb2571000 	C:\Windows\System32\winrnr.dll
0x00007ffbb2540000 - 0x00007ffbb255f000 	C:\Windows\system32\wshbth.dll
0x00007ffbb2510000 - 0x00007ffbb2531000 	C:\Windows\system32\nlansp_c.dll

dbghelp: loaded successfully - version: 4.0.5 - missing functions: none
symbol engine: initialized successfully - sym options: 0x614 - pdb path: .;C:\Program Files\Java\jdk-11\bin;C:\Windows\SYSTEM32;C:\Program Files\SentinelOne\Sentinel Agent 24.2.3.471;C:\Windows\WinSxS\amd64_microsoft.windows.common-controls_6595b64144ccf1df_6.0.22621.5262_none_2712bde373830908;C:\Program Files\Java\jdk-11\bin\server

VM Arguments:
jvm_args: -ea -Dfile.encoding=UTF-8 -Dstdout.encoding=UTF-8 -Dstderr.encoding=UTF-8 -agentpath:C:\Program Files\SentinelOne\Sentinel Agent 24.2.3.471\SentinelJava64.dll=extendedCapabilities 
java_command: org.testng.remote.RemoteTestNG -serport 55603 -protocol json -d D:\Automation\IgnyetFrameworkNamrataBranch\test-output C:\Users\NAMRAT~1\AppData\Local\Temp\testng-eclipse-1965874119\testng-customsuite.xml
java_class_path (initial): C:\Users\NamrataMehta\eclipse\java-2024-03\eclipse\configuration\org.eclipse.osgi\543\0\.cp\lib\testng-remote.jar;D:\Automation\IgnyetFrameworkNamrataBranch\target\test-classes;D:\Automation\IgnyetFrameworkNamrataBranch\target\classes;C:\Users\NamrataMehta\.p2\pool\plugins\org.testng_7.4.0.r202105021533.jar;C:\Users\NamrataMehta\.p2\pool\plugins\com.beust.jcommander_1.78.0.jar;C:\Users\NamrataMehta\.p2\pool\plugins\org.apache-extras.beanshell.bsh_2.0.0.b6.jar;C:\Users\NamrataMehta\.p2\pool\plugins\org.yaml.snakeyaml_1.21.0.jar;C:\Users\NamrataMehta\.p2\pool\plugins\org.webjars.jquery_3.5.1.jar;C:\Users\NamrataMehta\.m2\repository\org\testng\testng\7.11.0\testng-7.11.0.jar;C:\Users\NamrataMehta\.m2\repository\org\slf4j\slf4j-api\2.0.16\slf4j-api-2.0.16.jar;C:\Users\NamrataMehta\.m2\repository\org\jcommander\jcommander\1.83\jcommander-1.83.jar;C:\Users\NamrataMehta\.m2\repository\org\webjars\jquery\3.7.1\jquery-3.7.1.jar;C:\Users\NamrataMehta\.m2\repository\io\cucumber\cucumber-java\7.22.0\cucumber-java-7.22.0.jar;C:\Users\NamrataMehta\.m2\repository\io\cucumber\cucumber-core\7.22.0\cucumber-core-7.22.0.jar;C:\Users\NamrataMehta\.m2\repository\io\cucumber\cucumber-gherkin\7.22.0\cucumber-gherkin-7.22.0.jar;C:\Users\NamrataMehta\.m2\repository\io\cucumber\cucumber-gherkin-messages\7.22.0\cucumber-gherkin-messages-7.22.0.jar;C:\Users\NamrataMehta\.m2\repository\io\cucumber\gherkin\32.1.0\gherkin-32.1.0.jar;C:\Users\NamrataMehta\.m2\repository\io\cucumber\messages\27.2.0\messages-27.2.0.jar;C:\Users\NamrataMehta\.m2\repository\io\cucumber\testng-xml-formatter\0.3.1\testng-xml-formatter-0.3.1.jar;C:\Users\NamrataMehta\.m2\repository\io\cucumber\query\13.3.0\query-13.3.0.jar;C:\Users\NamrataMehta\.m2\repository\io\cucumber\tag-expressions\6.1.2\tag-expressions-6.1.2.jar;C:\Users\NamrataMehta\.m2\repository\io\cucumber\cucumber-expressions\18.0.1\cucumber-expressions-18.0.1.jar;C:\Users\NamrataMehta\.m2\repository\io\cucumber\datatable\7.22.0\da
Launcher Type: SUN_STANDARD

[Global flags]
     intx CICompilerCount                          = 4                                         {product} {ergonomic}
     uint ConcGCThreads                            = 2                                         {product} {ergonomic}
     uint G1ConcRefinementThreads                  = 8                                         {product} {ergonomic}
   size_t G1HeapRegionSize                         = 1048576                                   {product} {ergonomic}
    uintx GCDrainStackTargetSize                   = 64                                        {product} {ergonomic}
   size_t InitialHeapSize                          = 266338304                                 {product} {ergonomic}
   size_t MarkStackSize                            = 4194304                                   {product} {ergonomic}
   size_t MaxHeapSize                              = 4238344192                                {product} {ergonomic}
   size_t MaxNewSize                               = 2542796800                                {product} {ergonomic}
   size_t MinHeapDeltaBytes                        = 1048576                                   {product} {ergonomic}
    uintx NonNMethodCodeHeapSize                   = 5836300                                {pd product} {ergonomic}
    uintx NonProfiledCodeHeapSize                  = 122910970                              {pd product} {ergonomic}
    uintx ProfiledCodeHeapSize                     = 122910970                              {pd product} {ergonomic}
    uintx ReservedCodeCacheSize                    = 251658240                              {pd product} {ergonomic}
     bool SegmentedCodeCache                       = true                                      {product} {ergonomic}
     bool UseCompressedClassPointers               = true                                 {lp64_product} {ergonomic}
     bool UseCompressedOops                        = true                                 {lp64_product} {ergonomic}
     bool UseG1GC                                  = true                                      {product} {ergonomic}
     bool UseLargePagesIndividualAllocation        = false                                  {pd product} {ergonomic}

Logging:
Log output configuration:
 #0: stdout all=warning uptime,level,tags
 #1: stderr all=off uptime,level,tags

Environment Variables:
PATH=C:\Program Files\Common Files\Oracle\Java\javapath;C:\Program Files (x86)\Common Files\Oracle\Java\java8path;C:\Program Files (x86)\Common Files\Oracle\Java\javapath;C:\Windows\system32;C:\Windows;C:\Windows\System32\Wbem;C:\Windows\System32\WindowsPowerShell\v1.0\;C:\Windows\System32\OpenSSH\;C:\Program Files\Amazon\SessionManagerPlugin\bin\;C:\Program Files\Amazon\AWSCLIV2\;C:\Program Files\Docker\Docker\resources\bin;C:\Program Files\PowerShell\7\;C:\Users\NamrataMehta\AppData\Local\Microsoft\WindowsApps;C:\Users\NamrataMehta\AppData\Local\Programs\Git\cmd;C:\Users\NamrataMehta\AppData\Local\Programs\Microsoft VS Code\bin
USERNAME=NamrataMehta
OS=Windows_NT
PROCESSOR_IDENTIFIER=Intel64 Family 6 Model 140 Stepping 2, GenuineIntel



---------------  S Y S T E M  ---------------

OS: Windows 11 , 64 bit Build 22621 (10.0.22621.5262)
Hyper-V role detected

CPU:total 8 (initial active 8) (4 cores per cpu, 2 threads per core) family 6 model 140 stepping 2 microcode 0x26, cmov, cx8, fxsr, mmx, sse, sse2, sse3, ssse3, sse4.1, sse4.2, popcnt, avx, avx2, aes, clmul, erms, 3dnowpref, lzcnt, ht, tsc, tscinvbit, bmi1, bmi2, adx, evex, sha, fma

Memory: 4k page, system-wide physical 16167M (210M free)
TotalPageFile size 39061M (AvailPageFile size 5M)
current process WorkingSet (physical memory assigned to process): 297M, peak: 329M
current process commit charge ("private bytes"): 430M, peak: 462M

vm_info: Java HotSpot(TM) 64-Bit Server VM (11.0.21+9-LTS-193) for windows-amd64 JRE (11.0.21+9-LTS-193), built on Sep 13 2023 11:04:38 by "mach5one" with MS VC++ 17.1 (VS2022)

END.
