#
# There is insufficient memory for the Java Runtime Environment to continue.
# Native memory allocation (malloc) failed to allocate 32744 bytes for ChunkPool::allocate
# Possible reasons:
#   The system is out of physical RAM or swap space
#   The process is running with CompressedOops enabled, and the Java Heap may be blocking the growth of the native heap
# Possible solutions:
#   Reduce memory load on the system
#   Increase physical memory or swap space
#   Check if swap backing store is full
#   Decrease Java heap size (-Xmx/-Xms)
#   Decrease number of Java threads
#   Decrease Java thread stack sizes (-Xss)
#   Set larger code cache with -XX:ReservedCodeCacheSize=
#   JVM is running with Zero Based Compressed Oops mode in which the Java heap is
#     placed in the first 32GB address space. The Java Heap base address is the
#     maximum limit for the native heap growth. Please use -XX:HeapBaseMinAddress
#     to set the Java Heap base and to place the Java Heap above 32GB virtual address.
# This output file may be truncated or incomplete.
#
#  Out of Memory Error (./open/src/hotspot/share/memory/arena.cpp:81), pid=52728, tid=5084
#
# JRE version: Java(TM) SE Runtime Environment 18.9 (11.0.21+9) (build 11.0.21+9-LTS-193)
# Java VM: Java HotSpot(TM) 64-Bit Server VM 18.9 (11.0.21+9-LTS-193, mixed mode, tiered, compressed oops, g1 gc, windows-amd64)
# No core dump will be written. Minidumps are not enabled by default on client versions of Windows
#

---------------  S U M M A R Y ------------

Command Line: -ea -Dfile.encoding=UTF-8 -Dstdout.encoding=UTF-8 -Dstderr.encoding=UTF-8 -agentpath:C:\Program Files\SentinelOne\Sentinel Agent 24.2.3.471\SentinelJava64.dll=extendedCapabilities org.testng.remote.RemoteTestNG -serport 57368 -protocol json -d D:\Automation\IgnyetFrameworkNamrataBranch\test-output C:\Users\NAMRAT~1\AppData\Local\Temp\testng-eclipse-1029412444\testng-customsuite.xml

Host: 11th Gen Intel(R) Core(TM) i5-11320H @ 3.20GHz, 8 cores, 15G,  Windows 11 , 64 bit Build 22621 (10.0.22621.5124)
Time: Thu Jun 12 17:41:29 2025 India Standard Time elapsed time: 21.818032 seconds (0d 0h 0m 21s)

---------------  T H R E A D  ---------------

Current thread (0x000002cf3a7cc000):  JavaThread "C2 CompilerThread0" daemon [_thread_in_native, id=5084, stack(0x000000ec6a300000,0x000000ec6a400000)]


Current CompileTask:
C2:  21818 3692       4       java.net.URLStreamHandler::parseURL (1201 bytes)

Stack: [0x000000ec6a300000,0x000000ec6a400000]
Native frames: (J=compiled Java code, j=interpreted, Vv=VM code, C=native code)
V  [jvm.dll+0x66058a]
V  [jvm.dll+0x7a362f]
V  [jvm.dll+0x7a4cf9]
V  [jvm.dll+0x7a5393]
V  [jvm.dll+0x258f55]
V  [jvm.dll+0xb2c7f]
V  [jvm.dll+0xb2fcc]
V  [jvm.dll+0xb2b24]
V  [jvm.dll+0x63fccf]
V  [jvm.dll+0x690cea]
V  [jvm.dll+0x1a2c40]
V  [jvm.dll+0x211d8d]
V  [jvm.dll+0x210c08]
V  [jvm.dll+0x18cdb1]
V  [jvm.dll+0x220e99]
V  [jvm.dll+0x21f1bc]
V  [jvm.dll+0x7673c1]
V  [jvm.dll+0x75fc44]
V  [jvm.dll+0x65f435]
C  [ucrtbase.dll+0x29333]
C  [KERNEL32.DLL+0x1259d]
C  [ntdll.dll+0x5af38]


---------------  P R O C E S S  ---------------

Threads class SMR info:
_java_thread_list=0x000002cf3cc62820, length=39, elements={
0x000002cf172fd000, 0x000002cf3a774800, 0x000002cf3a76c000, 0x000002cf3a771000,
0x000002cf3a772800, 0x000002cf3a7c3800, 0x000002cf3a7cc000, 0x000002cf3a7cd000,
0x000002cf3a7e3800, 0x000002cf3a94a000, 0x000002cf3bf93000, 0x000002cf3bc5f000,
0x000002cf3c9aa800, 0x000002cf3bc53000, 0x000002cf3cb75000, 0x000002cf3bca1800,
0x000002cf3cf23800, 0x000002cf3cd3c800, 0x000002cf3d616000, 0x000002cf3d617000,
0x000002cf3d619000, 0x000002cf3d617800, 0x000002cf3d61a000, 0x000002cf3d614800,
0x000002cf3d618800, 0x000002cf3d61b000, 0x000002cf3d615000, 0x000002cf3bccc000,
0x000002cf3bcce800, 0x000002cf3bccd000, 0x000002cf3bcc8800, 0x000002cf3bccb000,
0x000002cf3bccf800, 0x000002cf3bcc9800, 0x000002cf3bccd800, 0x000002cf3bcd0000,
0x000002cf3bcca800, 0x000002cf3bcd1000, 0x000002cf3d583000
}

Java Threads: ( => current thread )
  0x000002cf172fd000 JavaThread "main" [_thread_in_vm, id=18956, stack(0x000000ec69700000,0x000000ec69800000)]
  0x000002cf3a774800 JavaThread "Reference Handler" daemon [_thread_blocked, id=29676, stack(0x000000ec69e00000,0x000000ec69f00000)]
  0x000002cf3a76c000 JavaThread "Finalizer" daemon [_thread_blocked, id=44660, stack(0x000000ec69f00000,0x000000ec6a000000)]
  0x000002cf3a771000 JavaThread "Signal Dispatcher" daemon [_thread_blocked, id=54092, stack(0x000000ec6a000000,0x000000ec6a100000)]
  0x000002cf3a772800 JavaThread "Attach Listener" daemon [_thread_blocked, id=44268, stack(0x000000ec6a100000,0x000000ec6a200000)]
  0x000002cf3a7c3800 JavaThread "Service Thread" daemon [_thread_blocked, id=17532, stack(0x000000ec6a200000,0x000000ec6a300000)]
=>0x000002cf3a7cc000 JavaThread "C2 CompilerThread0" daemon [_thread_in_native, id=5084, stack(0x000000ec6a300000,0x000000ec6a400000)]
  0x000002cf3a7cd000 JavaThread "C1 CompilerThread0" daemon [_thread_blocked, id=47940, stack(0x000000ec6a400000,0x000000ec6a500000)]
  0x000002cf3a7e3800 JavaThread "Sweeper thread" daemon [_thread_blocked, id=39396, stack(0x000000ec6a500000,0x000000ec6a600000)]
  0x000002cf3a94a000 JavaThread "Common-Cleaner" daemon [_thread_blocked, id=12244, stack(0x000000ec6a700000,0x000000ec6a800000)]
  0x000002cf3bf93000 JavaThread "ReaderThread" [_thread_in_native, id=53224, stack(0x000000ec6ab00000,0x000000ec6ac00000)]
  0x000002cf3bc5f000 JavaThread "ForkJoinPool.commonPool-worker-3" daemon [_thread_blocked, id=54188, stack(0x000000ec6b200000,0x000000ec6b300000)]
  0x000002cf3c9aa800 JavaThread "HttpClient-1-SelectorManager" daemon [_thread_in_native, id=52296, stack(0x000000ec6b300000,0x000000ec6b400000)]
  0x000002cf3bc53000 JavaThread "External Process Output Forwarder - C:\Users\NamrataMehta\.cache\selenium\chromedriver\win64\137.0.7151.70\chromedriver.exe" daemon [_thread_in_native, id=24248, stack(0x000000ec6b400000,0x000000ec6b500000)]
  0x000002cf3cb75000 JavaThread "Driver Service Executor" daemon [_thread_blocked, id=54108, stack(0x000000ec6b500000,0x000000ec6b600000)]
  0x000002cf3bca1800 JavaThread "Driver Service Executor" daemon [_thread_in_native, id=45576, stack(0x000000ec6b600000,0x000000ec6b700000)]
  0x000002cf3cf23800 JavaThread "UrlChecker-2" daemon [_thread_blocked, id=51584, stack(0x000000ec6b700000,0x000000ec6b800000)]
  0x000002cf3cd3c800 JavaThread "JdkHttpClient-0-0" daemon [_thread_blocked, id=53848, stack(0x000000ec6b000000,0x000000ec6b100000)]
  0x000002cf3d616000 JavaThread "CompletableFutureDelayScheduler" daemon [_thread_blocked, id=39732, stack(0x000000ec6b900000,0x000000ec6ba00000)]
  0x000002cf3d617000 JavaThread "JdkHttpClient-0-1" daemon [_thread_blocked, id=46476, stack(0x000000ec6ba00000,0x000000ec6bb00000)]
  0x000002cf3d619000 JavaThread "JdkHttpClient-0-2" daemon [_thread_blocked, id=26148, stack(0x000000ec6bb00000,0x000000ec6bc00000)]
  0x000002cf3d617800 JavaThread "JdkHttpClient-0-3" daemon [_thread_blocked, id=53264, stack(0x000000ec6bc00000,0x000000ec6bd00000)]
  0x000002cf3d61a000 JavaThread "HttpClient-2-SelectorManager" daemon [_thread_in_native, id=21688, stack(0x000000ec6a800000,0x000000ec6a900000)]
  0x000002cf3d614800 JavaThread "JdkHttpClient-1-0" daemon [_thread_blocked, id=52888, stack(0x000000ec6bd00000,0x000000ec6be00000)]
  0x000002cf3d618800 JavaThread "JdkHttpClient-1-1" daemon [_thread_blocked, id=53672, stack(0x000000ec6be00000,0x000000ec6bf00000)]
  0x000002cf3d61b000 JavaThread "JdkHttpClient-1-2" daemon [_thread_blocked, id=53192, stack(0x000000ec6bf00000,0x000000ec6c000000)]
  0x000002cf3d615000 JavaThread "HttpClient-3-SelectorManager" daemon [_thread_in_native, id=53304, stack(0x000000ec6b800000,0x000000ec6b900000)]
  0x000002cf3bccc000 JavaThread "External Process Output Forwarder - C:\Users\NamrataMehta\.cache\selenium\chromedriver\win64\137.0.7151.70\chromedriver.exe" daemon [_thread_in_native, id=38492, stack(0x000000ec6c000000,0x000000ec6c100000)]
  0x000002cf3bcce800 JavaThread "Driver Service Executor" daemon [_thread_blocked, id=29356, stack(0x000000ec6c100000,0x000000ec6c200000)]
  0x000002cf3bccd000 JavaThread "Driver Service Executor" daemon [_thread_in_native, id=18116, stack(0x000000ec6c200000,0x000000ec6c300000)]
  0x000002cf3bcc8800 JavaThread "Keep-Alive-Timer" daemon [_thread_blocked, id=27904, stack(0x000000ec6c300000,0x000000ec6c400000)]
  0x000002cf3bccb000 JavaThread "JdkHttpClient-2-0" daemon [_thread_blocked, id=53288, stack(0x000000ec6c400000,0x000000ec6c500000)]
  0x000002cf3bccf800 JavaThread "JdkHttpClient-2-1" daemon [_thread_blocked, id=53300, stack(0x000000ec6c500000,0x000000ec6c600000)]
  0x000002cf3bcc9800 JavaThread "JdkHttpClient-2-2" daemon [_thread_blocked, id=53452, stack(0x000000ec6c600000,0x000000ec6c700000)]
  0x000002cf3bccd800 JavaThread "HttpClient-4-SelectorManager" daemon [_thread_in_native, id=53856, stack(0x000000ec6c700000,0x000000ec6c800000)]
  0x000002cf3bcd0000 JavaThread "JdkHttpClient-3-0" daemon [_thread_blocked, id=52400, stack(0x000000ec6c800000,0x000000ec6c900000)]
  0x000002cf3bcca800 JavaThread "JdkHttpClient-3-1" daemon [_thread_blocked, id=52992, stack(0x000000ec6c900000,0x000000ec6ca00000)]
  0x000002cf3bcd1000 JavaThread "JdkHttpClient-3-2" daemon [_thread_blocked, id=47704, stack(0x000000ec6ca00000,0x000000ec6cb00000)]
  0x000002cf3d583000 JavaThread "C2 CompilerThread1" daemon [_thread_blocked, id=54592, stack(0x000000ec6cb00000,0x000000ec6cc00000)]

Other Threads:
  0x000002cf3a73f000 VMThread "VM Thread" [stack: 0x000000ec69d00000,0x000000ec69e00000] [id=37820]
  0x000002cf3a94e000 WatcherThread [stack: 0x000000ec6a600000,0x000000ec6a700000] [id=50580]
  0x000002cf1730e000 GCTaskThread "GC Thread#0" [stack: 0x000000ec69800000,0x000000ec69900000] [id=53272]
  0x000002cf3bc79800 GCTaskThread "GC Thread#1" [stack: 0x000000ec6a900000,0x000000ec6aa00000] [id=54220]
  0x000002cf3bc78000 GCTaskThread "GC Thread#2" [stack: 0x000000ec6ac00000,0x000000ec6ad00000] [id=24152]
  0x000002cf3bc76000 GCTaskThread "GC Thread#3" [stack: 0x000000ec6ad00000,0x000000ec6ae00000] [id=32188]
  0x000002cf3bc74000 GCTaskThread "GC Thread#4" [stack: 0x000000ec6ae00000,0x000000ec6af00000] [id=46404]
  0x000002cf3bc79000 GCTaskThread "GC Thread#5" [stack: 0x000000ec6af00000,0x000000ec6b000000] [id=52252]
  0x000002cf373f1000 ConcurrentGCThread "G1 Main Marker" [stack: 0x000000ec69900000,0x000000ec69a00000] [id=14964]
  0x000002cf373f5000 ConcurrentGCThread "G1 Conc#0" [stack: 0x000000ec69a00000,0x000000ec69b00000] [id=30124]
  0x000002cf3bc74800 ConcurrentGCThread "G1 Conc#1" [stack: 0x000000ec6b100000,0x000000ec6b200000] [id=36840]
  0x000002cf3750a800 ConcurrentGCThread "G1 Refine#0" [stack: 0x000000ec69b00000,0x000000ec69c00000] [id=11676]
  0x000002cf3750b800 ConcurrentGCThread "G1 Young RemSet Sampling" [stack: 0x000000ec69c00000,0x000000ec69d00000] [id=50988]

Threads with active compile tasks:
C2 CompilerThread0    21875 3692       4       java.net.URLStreamHandler::parseURL (1201 bytes)

VM state:not at safepoint (normal execution)

VM Mutex/Monitor currently owned by a thread: None

Heap address: 0x0000000703600000, size: 4042 MB, Compressed Oops mode: Zero based, Oop shift amount: 3
Narrow klass base: 0x0000000800000000, Narrow klass shift: 0
Compressed class space size: 1073741824 Address: 0x0000000800000000

Heap:
 garbage-first heap   total 260096K, used 60421K [0x0000000703600000, 0x0000000800000000)
  region size 1024K, 49 young (50176K), 10 survivors (10240K)
 Metaspace       used 38843K, capacity 40294K, committed 40576K, reserved 1087488K
  class space    used 4537K, capacity 5122K, committed 5248K, reserved 1048576K
Heap Regions: E=young(eden), S=young(survivor), O=old, HS=humongous(starts), HC=humongous(continues), CS=collection set, F=free, A=archive, TAMS=top-at-mark-start (previous, next)
|   0|0x0000000703600000, 0x0000000703700000, 0x0000000703700000|100%|HS|  |TAMS 0x0000000703700000, 0x0000000703600000| Complete 
|   1|0x0000000703700000, 0x0000000703800000, 0x0000000703800000|100%| O|  |TAMS 0x0000000703800000, 0x0000000703700000| Untracked 
|   2|0x0000000703800000, 0x0000000703900000, 0x0000000703900000|100%| O|  |TAMS 0x0000000703900000, 0x0000000703800000| Untracked 
|   3|0x0000000703900000, 0x0000000703a00000, 0x0000000703a00000|100%| O|  |TAMS 0x0000000703a00000, 0x0000000703900000| Untracked 
|   4|0x0000000703a00000, 0x0000000703b00000, 0x0000000703b00000|100%| O|  |TAMS 0x0000000703b00000, 0x0000000703a00000| Untracked 
|   5|0x0000000703b00000, 0x0000000703c00000, 0x0000000703c00000|100%| O|  |TAMS 0x0000000703c00000, 0x0000000703b00000| Untracked 
|   6|0x0000000703c00000, 0x0000000703d00000, 0x0000000703d00000|100%| O|  |TAMS 0x0000000703d00000, 0x0000000703c00000| Untracked 
|   7|0x0000000703d00000, 0x0000000703e00000, 0x0000000703e00000|100%| O|  |TAMS 0x0000000703e00000, 0x0000000703d00000| Untracked 
|   8|0x0000000703e00000, 0x0000000703f00000, 0x0000000703f00000|100%| O|  |TAMS 0x0000000703f00000, 0x0000000703e00000| Untracked 
|   9|0x0000000703f00000, 0x0000000704000000, 0x0000000704000000|100%| O|  |TAMS 0x0000000704000000, 0x0000000703f00000| Untracked 
|  10|0x0000000704000000, 0x0000000704100000, 0x0000000704100000|100%| O|  |TAMS 0x0000000704100000, 0x0000000704000000| Untracked 
|  11|0x0000000704100000, 0x00000007041c9600, 0x0000000704200000| 78%| O|  |TAMS 0x00000007041c9600, 0x0000000704100000| Untracked 
|  12|0x0000000704200000, 0x0000000704200000, 0x0000000704300000|  0%| F|  |TAMS 0x0000000704200000, 0x0000000704200000| Untracked 
|  13|0x0000000704300000, 0x0000000704300000, 0x0000000704400000|  0%| F|  |TAMS 0x0000000704300000, 0x0000000704300000| Untracked 
|  14|0x0000000704400000, 0x0000000704400000, 0x0000000704500000|  0%| F|  |TAMS 0x0000000704400000, 0x0000000704400000| Untracked 
|  15|0x0000000704500000, 0x0000000704500000, 0x0000000704600000|  0%| F|  |TAMS 0x0000000704500000, 0x0000000704500000| Untracked 
|  16|0x0000000704600000, 0x0000000704600000, 0x0000000704700000|  0%| F|  |TAMS 0x0000000704600000, 0x0000000704600000| Untracked 
|  17|0x0000000704700000, 0x0000000704700000, 0x0000000704800000|  0%| F|  |TAMS 0x0000000704700000, 0x0000000704700000| Untracked 
|  18|0x0000000704800000, 0x0000000704800000, 0x0000000704900000|  0%| F|  |TAMS 0x0000000704800000, 0x0000000704800000| Untracked 
|  19|0x0000000704900000, 0x0000000704900000, 0x0000000704a00000|  0%| F|  |TAMS 0x0000000704900000, 0x0000000704900000| Untracked 
|  20|0x0000000704a00000, 0x0000000704a00000, 0x0000000704b00000|  0%| F|  |TAMS 0x0000000704a00000, 0x0000000704a00000| Untracked 
|  21|0x0000000704b00000, 0x0000000704b00000, 0x0000000704c00000|  0%| F|  |TAMS 0x0000000704b00000, 0x0000000704b00000| Untracked 
|  22|0x0000000704c00000, 0x0000000704c00000, 0x0000000704d00000|  0%| F|  |TAMS 0x0000000704c00000, 0x0000000704c00000| Untracked 
|  23|0x0000000704d00000, 0x0000000704d00000, 0x0000000704e00000|  0%| F|  |TAMS 0x0000000704d00000, 0x0000000704d00000| Untracked 
|  24|0x0000000704e00000, 0x0000000704e00000, 0x0000000704f00000|  0%| F|  |TAMS 0x0000000704e00000, 0x0000000704e00000| Untracked 
|  25|0x0000000704f00000, 0x0000000704f00000, 0x0000000705000000|  0%| F|  |TAMS 0x0000000704f00000, 0x0000000704f00000| Untracked 
|  26|0x0000000705000000, 0x0000000705000000, 0x0000000705100000|  0%| F|  |TAMS 0x0000000705000000, 0x0000000705000000| Untracked 
|  27|0x0000000705100000, 0x0000000705100000, 0x0000000705200000|  0%| F|  |TAMS 0x0000000705100000, 0x0000000705100000| Untracked 
|  28|0x0000000705200000, 0x0000000705200000, 0x0000000705300000|  0%| F|  |TAMS 0x0000000705200000, 0x0000000705200000| Untracked 
|  29|0x0000000705300000, 0x0000000705300000, 0x0000000705400000|  0%| F|  |TAMS 0x0000000705300000, 0x0000000705300000| Untracked 
|  30|0x0000000705400000, 0x0000000705400000, 0x0000000705500000|  0%| F|  |TAMS 0x0000000705400000, 0x0000000705400000| Untracked 
|  31|0x0000000705500000, 0x0000000705500000, 0x0000000705600000|  0%| F|  |TAMS 0x0000000705500000, 0x0000000705500000| Untracked 
|  32|0x0000000705600000, 0x0000000705600000, 0x0000000705700000|  0%| F|  |TAMS 0x0000000705600000, 0x0000000705600000| Untracked 
|  33|0x0000000705700000, 0x0000000705700000, 0x0000000705800000|  0%| F|  |TAMS 0x0000000705700000, 0x0000000705700000| Untracked 
|  34|0x0000000705800000, 0x0000000705800000, 0x0000000705900000|  0%| F|  |TAMS 0x0000000705800000, 0x0000000705800000| Untracked 
|  35|0x0000000705900000, 0x0000000705900000, 0x0000000705a00000|  0%| F|  |TAMS 0x0000000705900000, 0x0000000705900000| Untracked 
|  36|0x0000000705a00000, 0x0000000705a00000, 0x0000000705b00000|  0%| F|  |TAMS 0x0000000705a00000, 0x0000000705a00000| Untracked 
|  37|0x0000000705b00000, 0x0000000705b00000, 0x0000000705c00000|  0%| F|  |TAMS 0x0000000705b00000, 0x0000000705b00000| Untracked 
|  38|0x0000000705c00000, 0x0000000705c00000, 0x0000000705d00000|  0%| F|  |TAMS 0x0000000705c00000, 0x0000000705c00000| Untracked 
|  39|0x0000000705d00000, 0x0000000705d00000, 0x0000000705e00000|  0%| F|  |TAMS 0x0000000705d00000, 0x0000000705d00000| Untracked 
|  40|0x0000000705e00000, 0x0000000705e00000, 0x0000000705f00000|  0%| F|  |TAMS 0x0000000705e00000, 0x0000000705e00000| Untracked 
|  41|0x0000000705f00000, 0x0000000705f00000, 0x0000000706000000|  0%| F|  |TAMS 0x0000000705f00000, 0x0000000705f00000| Untracked 
|  42|0x0000000706000000, 0x0000000706000000, 0x0000000706100000|  0%| F|  |TAMS 0x0000000706000000, 0x0000000706000000| Untracked 
|  43|0x0000000706100000, 0x0000000706100000, 0x0000000706200000|  0%| F|  |TAMS 0x0000000706100000, 0x0000000706100000| Untracked 
|  44|0x0000000706200000, 0x0000000706200000, 0x0000000706300000|  0%| F|  |TAMS 0x0000000706200000, 0x0000000706200000| Untracked 
|  45|0x0000000706300000, 0x0000000706300000, 0x0000000706400000|  0%| F|  |TAMS 0x0000000706300000, 0x0000000706300000| Untracked 
|  46|0x0000000706400000, 0x0000000706400000, 0x0000000706500000|  0%| F|  |TAMS 0x0000000706400000, 0x0000000706400000| Untracked 
|  47|0x0000000706500000, 0x0000000706500000, 0x0000000706600000|  0%| F|  |TAMS 0x0000000706500000, 0x0000000706500000| Untracked 
|  48|0x0000000706600000, 0x0000000706600000, 0x0000000706700000|  0%| F|  |TAMS 0x0000000706600000, 0x0000000706600000| Untracked 
|  49|0x0000000706700000, 0x0000000706700000, 0x0000000706800000|  0%| F|  |TAMS 0x0000000706700000, 0x0000000706700000| Untracked 
|  50|0x0000000706800000, 0x0000000706800000, 0x0000000706900000|  0%| F|  |TAMS 0x0000000706800000, 0x0000000706800000| Untracked 
|  51|0x0000000706900000, 0x0000000706900000, 0x0000000706a00000|  0%| F|  |TAMS 0x0000000706900000, 0x0000000706900000| Untracked 
|  52|0x0000000706a00000, 0x0000000706a00000, 0x0000000706b00000|  0%| F|  |TAMS 0x0000000706a00000, 0x0000000706a00000| Untracked 
|  53|0x0000000706b00000, 0x0000000706b00000, 0x0000000706c00000|  0%| F|  |TAMS 0x0000000706b00000, 0x0000000706b00000| Untracked 
|  54|0x0000000706c00000, 0x0000000706c00000, 0x0000000706d00000|  0%| F|  |TAMS 0x0000000706c00000, 0x0000000706c00000| Untracked 
|  55|0x0000000706d00000, 0x0000000706d00000, 0x0000000706e00000|  0%| F|  |TAMS 0x0000000706d00000, 0x0000000706d00000| Untracked 
|  56|0x0000000706e00000, 0x0000000706e00000, 0x0000000706f00000|  0%| F|  |TAMS 0x0000000706e00000, 0x0000000706e00000| Untracked 
|  57|0x0000000706f00000, 0x0000000706f00000, 0x0000000707000000|  0%| F|  |TAMS 0x0000000706f00000, 0x0000000706f00000| Untracked 
|  58|0x0000000707000000, 0x0000000707000000, 0x0000000707100000|  0%| F|  |TAMS 0x0000000707000000, 0x0000000707000000| Untracked 
|  59|0x0000000707100000, 0x0000000707100000, 0x0000000707200000|  0%| F|  |TAMS 0x0000000707100000, 0x0000000707100000| Untracked 
|  60|0x0000000707200000, 0x0000000707200000, 0x0000000707300000|  0%| F|  |TAMS 0x0000000707200000, 0x0000000707200000| Untracked 
|  61|0x0000000707300000, 0x0000000707300000, 0x0000000707400000|  0%| F|  |TAMS 0x0000000707300000, 0x0000000707300000| Untracked 
|  62|0x0000000707400000, 0x0000000707400000, 0x0000000707500000|  0%| F|  |TAMS 0x0000000707400000, 0x0000000707400000| Untracked 
|  63|0x0000000707500000, 0x0000000707500000, 0x0000000707600000|  0%| F|  |TAMS 0x0000000707500000, 0x0000000707500000| Untracked 
|  64|0x0000000707600000, 0x0000000707600000, 0x0000000707700000|  0%| F|  |TAMS 0x0000000707600000, 0x0000000707600000| Untracked 
|  65|0x0000000707700000, 0x0000000707700000, 0x0000000707800000|  0%| F|  |TAMS 0x0000000707700000, 0x0000000707700000| Untracked 
|  66|0x0000000707800000, 0x0000000707800000, 0x0000000707900000|  0%| F|  |TAMS 0x0000000707800000, 0x0000000707800000| Untracked 
|  67|0x0000000707900000, 0x0000000707900000, 0x0000000707a00000|  0%| F|  |TAMS 0x0000000707900000, 0x0000000707900000| Untracked 
|  68|0x0000000707a00000, 0x0000000707a00000, 0x0000000707b00000|  0%| F|  |TAMS 0x0000000707a00000, 0x0000000707a00000| Untracked 
|  69|0x0000000707b00000, 0x0000000707b00000, 0x0000000707c00000|  0%| F|  |TAMS 0x0000000707b00000, 0x0000000707b00000| Untracked 
|  70|0x0000000707c00000, 0x0000000707c00000, 0x0000000707d00000|  0%| F|  |TAMS 0x0000000707c00000, 0x0000000707c00000| Untracked 
|  71|0x0000000707d00000, 0x0000000707d00000, 0x0000000707e00000|  0%| F|  |TAMS 0x0000000707d00000, 0x0000000707d00000| Untracked 
|  72|0x0000000707e00000, 0x0000000707e00000, 0x0000000707f00000|  0%| F|  |TAMS 0x0000000707e00000, 0x0000000707e00000| Untracked 
|  73|0x0000000707f00000, 0x0000000707f00000, 0x0000000708000000|  0%| F|  |TAMS 0x0000000707f00000, 0x0000000707f00000| Untracked 
|  74|0x0000000708000000, 0x0000000708000000, 0x0000000708100000|  0%| F|  |TAMS 0x0000000708000000, 0x0000000708000000| Untracked 
|  75|0x0000000708100000, 0x0000000708100000, 0x0000000708200000|  0%| F|  |TAMS 0x0000000708100000, 0x0000000708100000| Untracked 
|  76|0x0000000708200000, 0x0000000708200000, 0x0000000708300000|  0%| F|  |TAMS 0x0000000708200000, 0x0000000708200000| Untracked 
|  77|0x0000000708300000, 0x0000000708300000, 0x0000000708400000|  0%| F|  |TAMS 0x0000000708300000, 0x0000000708300000| Untracked 
|  78|0x0000000708400000, 0x0000000708400000, 0x0000000708500000|  0%| F|  |TAMS 0x0000000708400000, 0x0000000708400000| Untracked 
|  79|0x0000000708500000, 0x0000000708500000, 0x0000000708600000|  0%| F|  |TAMS 0x0000000708500000, 0x0000000708500000| Untracked 
|  80|0x0000000708600000, 0x0000000708600000, 0x0000000708700000|  0%| F|  |TAMS 0x0000000708600000, 0x0000000708600000| Untracked 
|  81|0x0000000708700000, 0x0000000708700000, 0x0000000708800000|  0%| F|  |TAMS 0x0000000708700000, 0x0000000708700000| Untracked 
|  82|0x0000000708800000, 0x0000000708800000, 0x0000000708900000|  0%| F|  |TAMS 0x0000000708800000, 0x0000000708800000| Untracked 
|  83|0x0000000708900000, 0x0000000708900000, 0x0000000708a00000|  0%| F|  |TAMS 0x0000000708900000, 0x0000000708900000| Untracked 
|  84|0x0000000708a00000, 0x0000000708a00000, 0x0000000708b00000|  0%| F|  |TAMS 0x0000000708a00000, 0x0000000708a00000| Untracked 
|  85|0x0000000708b00000, 0x0000000708b00000, 0x0000000708c00000|  0%| F|  |TAMS 0x0000000708b00000, 0x0000000708b00000| Untracked 
|  86|0x0000000708c00000, 0x0000000708c00000, 0x0000000708d00000|  0%| F|  |TAMS 0x0000000708c00000, 0x0000000708c00000| Untracked 
|  87|0x0000000708d00000, 0x0000000708d00000, 0x0000000708e00000|  0%| F|  |TAMS 0x0000000708d00000, 0x0000000708d00000| Untracked 
|  88|0x0000000708e00000, 0x0000000708e00000, 0x0000000708f00000|  0%| F|  |TAMS 0x0000000708e00000, 0x0000000708e00000| Untracked 
|  89|0x0000000708f00000, 0x0000000708f00000, 0x0000000709000000|  0%| F|  |TAMS 0x0000000708f00000, 0x0000000708f00000| Untracked 
|  90|0x0000000709000000, 0x0000000709000000, 0x0000000709100000|  0%| F|  |TAMS 0x0000000709000000, 0x0000000709000000| Untracked 
|  91|0x0000000709100000, 0x0000000709100000, 0x0000000709200000|  0%| F|  |TAMS 0x0000000709100000, 0x0000000709100000| Untracked 
|  92|0x0000000709200000, 0x0000000709200000, 0x0000000709300000|  0%| F|  |TAMS 0x0000000709200000, 0x0000000709200000| Untracked 
|  93|0x0000000709300000, 0x0000000709300000, 0x0000000709400000|  0%| F|  |TAMS 0x0000000709300000, 0x0000000709300000| Untracked 
|  94|0x0000000709400000, 0x0000000709400000, 0x0000000709500000|  0%| F|  |TAMS 0x0000000709400000, 0x0000000709400000| Untracked 
|  95|0x0000000709500000, 0x0000000709500000, 0x0000000709600000|  0%| F|  |TAMS 0x0000000709500000, 0x0000000709500000| Untracked 
|  96|0x0000000709600000, 0x0000000709600000, 0x0000000709700000|  0%| F|  |TAMS 0x0000000709600000, 0x0000000709600000| Untracked 
|  97|0x0000000709700000, 0x0000000709700000, 0x0000000709800000|  0%| F|  |TAMS 0x0000000709700000, 0x0000000709700000| Untracked 
|  98|0x0000000709800000, 0x0000000709800000, 0x0000000709900000|  0%| F|  |TAMS 0x0000000709800000, 0x0000000709800000| Untracked 
|  99|0x0000000709900000, 0x0000000709900000, 0x0000000709a00000|  0%| F|  |TAMS 0x0000000709900000, 0x0000000709900000| Untracked 
| 100|0x0000000709a00000, 0x0000000709a00000, 0x0000000709b00000|  0%| F|  |TAMS 0x0000000709a00000, 0x0000000709a00000| Untracked 
| 101|0x0000000709b00000, 0x0000000709b00000, 0x0000000709c00000|  0%| F|  |TAMS 0x0000000709b00000, 0x0000000709b00000| Untracked 
| 102|0x0000000709c00000, 0x0000000709c00000, 0x0000000709d00000|  0%| F|  |TAMS 0x0000000709c00000, 0x0000000709c00000| Untracked 
| 103|0x0000000709d00000, 0x0000000709d00000, 0x0000000709e00000|  0%| F|  |TAMS 0x0000000709d00000, 0x0000000709d00000| Untracked 
| 104|0x0000000709e00000, 0x0000000709e00000, 0x0000000709f00000|  0%| F|  |TAMS 0x0000000709e00000, 0x0000000709e00000| Untracked 
| 105|0x0000000709f00000, 0x0000000709f00000, 0x000000070a000000|  0%| F|  |TAMS 0x0000000709f00000, 0x0000000709f00000| Untracked 
| 106|0x000000070a000000, 0x000000070a000000, 0x000000070a100000|  0%| F|  |TAMS 0x000000070a000000, 0x000000070a000000| Untracked 
| 107|0x000000070a100000, 0x000000070a100000, 0x000000070a200000|  0%| F|  |TAMS 0x000000070a100000, 0x000000070a100000| Untracked 
| 108|0x000000070a200000, 0x000000070a200000, 0x000000070a300000|  0%| F|  |TAMS 0x000000070a200000, 0x000000070a200000| Untracked 
| 109|0x000000070a300000, 0x000000070a300000, 0x000000070a400000|  0%| F|  |TAMS 0x000000070a300000, 0x000000070a300000| Untracked 
| 110|0x000000070a400000, 0x000000070a400000, 0x000000070a500000|  0%| F|  |TAMS 0x000000070a400000, 0x000000070a400000| Untracked 
| 111|0x000000070a500000, 0x000000070a500000, 0x000000070a600000|  0%| F|  |TAMS 0x000000070a500000, 0x000000070a500000| Untracked 
| 112|0x000000070a600000, 0x000000070a600000, 0x000000070a700000|  0%| F|  |TAMS 0x000000070a600000, 0x000000070a600000| Untracked 
| 113|0x000000070a700000, 0x000000070a700000, 0x000000070a800000|  0%| F|  |TAMS 0x000000070a700000, 0x000000070a700000| Untracked 
| 114|0x000000070a800000, 0x000000070a800000, 0x000000070a900000|  0%| F|  |TAMS 0x000000070a800000, 0x000000070a800000| Untracked 
| 115|0x000000070a900000, 0x000000070a900000, 0x000000070aa00000|  0%| F|  |TAMS 0x000000070a900000, 0x000000070a900000| Untracked 
| 116|0x000000070aa00000, 0x000000070aa00000, 0x000000070ab00000|  0%| F|  |TAMS 0x000000070aa00000, 0x000000070aa00000| Untracked 
| 117|0x000000070ab00000, 0x000000070ab00000, 0x000000070ac00000|  0%| F|  |TAMS 0x000000070ab00000, 0x000000070ab00000| Untracked 
| 118|0x000000070ac00000, 0x000000070ac00000, 0x000000070ad00000|  0%| F|  |TAMS 0x000000070ac00000, 0x000000070ac00000| Untracked 
| 119|0x000000070ad00000, 0x000000070ad00000, 0x000000070ae00000|  0%| F|  |TAMS 0x000000070ad00000, 0x000000070ad00000| Untracked 
| 120|0x000000070ae00000, 0x000000070ae00000, 0x000000070af00000|  0%| F|  |TAMS 0x000000070ae00000, 0x000000070ae00000| Untracked 
| 121|0x000000070af00000, 0x000000070af00000, 0x000000070b000000|  0%| F|  |TAMS 0x000000070af00000, 0x000000070af00000| Untracked 
| 122|0x000000070b000000, 0x000000070b000000, 0x000000070b100000|  0%| F|  |TAMS 0x000000070b000000, 0x000000070b000000| Untracked 
| 123|0x000000070b100000, 0x000000070b100000, 0x000000070b200000|  0%| F|  |TAMS 0x000000070b100000, 0x000000070b100000| Untracked 
| 124|0x000000070b200000, 0x000000070b200000, 0x000000070b300000|  0%| F|  |TAMS 0x000000070b200000, 0x000000070b200000| Untracked 
| 125|0x000000070b300000, 0x000000070b300000, 0x000000070b400000|  0%| F|  |TAMS 0x000000070b300000, 0x000000070b300000| Untracked 
| 126|0x000000070b400000, 0x000000070b400000, 0x000000070b500000|  0%| F|  |TAMS 0x000000070b400000, 0x000000070b400000| Untracked 
| 127|0x000000070b500000, 0x000000070b500000, 0x000000070b600000|  0%| F|  |TAMS 0x000000070b500000, 0x000000070b500000| Untracked 
| 128|0x000000070b600000, 0x000000070b600000, 0x000000070b700000|  0%| F|  |TAMS 0x000000070b600000, 0x000000070b600000| Untracked 
| 129|0x000000070b700000, 0x000000070b700000, 0x000000070b800000|  0%| F|  |TAMS 0x000000070b700000, 0x000000070b700000| Untracked 
| 130|0x000000070b800000, 0x000000070b800000, 0x000000070b900000|  0%| F|  |TAMS 0x000000070b800000, 0x000000070b800000| Untracked 
| 131|0x000000070b900000, 0x000000070b900000, 0x000000070ba00000|  0%| F|  |TAMS 0x000000070b900000, 0x000000070b900000| Untracked 
| 132|0x000000070ba00000, 0x000000070ba00000, 0x000000070bb00000|  0%| F|  |TAMS 0x000000070ba00000, 0x000000070ba00000| Untracked 
| 133|0x000000070bb00000, 0x000000070bb00000, 0x000000070bc00000|  0%| F|  |TAMS 0x000000070bb00000, 0x000000070bb00000| Untracked 
| 134|0x000000070bc00000, 0x000000070bc00000, 0x000000070bd00000|  0%| F|  |TAMS 0x000000070bc00000, 0x000000070bc00000| Untracked 
| 135|0x000000070bd00000, 0x000000070bd00000, 0x000000070be00000|  0%| F|  |TAMS 0x000000070bd00000, 0x000000070bd00000| Untracked 
| 136|0x000000070be00000, 0x000000070be00000, 0x000000070bf00000|  0%| F|  |TAMS 0x000000070be00000, 0x000000070be00000| Untracked 
| 137|0x000000070bf00000, 0x000000070bf00000, 0x000000070c000000|  0%| F|  |TAMS 0x000000070bf00000, 0x000000070bf00000| Untracked 
| 138|0x000000070c000000, 0x000000070c000000, 0x000000070c100000|  0%| F|  |TAMS 0x000000070c000000, 0x000000070c000000| Untracked 
| 139|0x000000070c100000, 0x000000070c100000, 0x000000070c200000|  0%| F|  |TAMS 0x000000070c100000, 0x000000070c100000| Untracked 
| 140|0x000000070c200000, 0x000000070c200000, 0x000000070c300000|  0%| F|  |TAMS 0x000000070c200000, 0x000000070c200000| Untracked 
| 141|0x000000070c300000, 0x000000070c300000, 0x000000070c400000|  0%| F|  |TAMS 0x000000070c300000, 0x000000070c300000| Untracked 
| 142|0x000000070c400000, 0x000000070c400000, 0x000000070c500000|  0%| F|  |TAMS 0x000000070c400000, 0x000000070c400000| Untracked 
| 143|0x000000070c500000, 0x000000070c500000, 0x000000070c600000|  0%| F|  |TAMS 0x000000070c500000, 0x000000070c500000| Untracked 
| 144|0x000000070c600000, 0x000000070c600000, 0x000000070c700000|  0%| F|  |TAMS 0x000000070c600000, 0x000000070c600000| Untracked 
| 145|0x000000070c700000, 0x000000070c700000, 0x000000070c800000|  0%| F|  |TAMS 0x000000070c700000, 0x000000070c700000| Untracked 
| 146|0x000000070c800000, 0x000000070c800000, 0x000000070c900000|  0%| F|  |TAMS 0x000000070c800000, 0x000000070c800000| Untracked 
| 147|0x000000070c900000, 0x000000070c900000, 0x000000070ca00000|  0%| F|  |TAMS 0x000000070c900000, 0x000000070c900000| Untracked 
| 148|0x000000070ca00000, 0x000000070ca00000, 0x000000070cb00000|  0%| F|  |TAMS 0x000000070ca00000, 0x000000070ca00000| Untracked 
| 149|0x000000070cb00000, 0x000000070cb00000, 0x000000070cc00000|  0%| F|  |TAMS 0x000000070cb00000, 0x000000070cb00000| Untracked 
| 150|0x000000070cc00000, 0x000000070cc00000, 0x000000070cd00000|  0%| F|  |TAMS 0x000000070cc00000, 0x000000070cc00000| Untracked 
| 151|0x000000070cd00000, 0x000000070cd00000, 0x000000070ce00000|  0%| F|  |TAMS 0x000000070cd00000, 0x000000070cd00000| Untracked 
| 152|0x000000070ce00000, 0x000000070ce00000, 0x000000070cf00000|  0%| F|  |TAMS 0x000000070ce00000, 0x000000070ce00000| Untracked 
| 153|0x000000070cf00000, 0x000000070cf00000, 0x000000070d000000|  0%| F|  |TAMS 0x000000070cf00000, 0x000000070cf00000| Untracked 
| 154|0x000000070d000000, 0x000000070d000000, 0x000000070d100000|  0%| F|  |TAMS 0x000000070d000000, 0x000000070d000000| Untracked 
| 155|0x000000070d100000, 0x000000070d100000, 0x000000070d200000|  0%| F|  |TAMS 0x000000070d100000, 0x000000070d100000| Untracked 
| 156|0x000000070d200000, 0x000000070d200000, 0x000000070d300000|  0%| F|  |TAMS 0x000000070d200000, 0x000000070d200000| Untracked 
| 157|0x000000070d300000, 0x000000070d300000, 0x000000070d400000|  0%| F|  |TAMS 0x000000070d300000, 0x000000070d300000| Untracked 
| 158|0x000000070d400000, 0x000000070d400000, 0x000000070d500000|  0%| F|  |TAMS 0x000000070d400000, 0x000000070d400000| Untracked 
| 159|0x000000070d500000, 0x000000070d500000, 0x000000070d600000|  0%| F|  |TAMS 0x000000070d500000, 0x000000070d500000| Untracked 
| 160|0x000000070d600000, 0x000000070d600000, 0x000000070d700000|  0%| F|  |TAMS 0x000000070d600000, 0x000000070d600000| Untracked 
| 161|0x000000070d700000, 0x000000070d700000, 0x000000070d800000|  0%| F|  |TAMS 0x000000070d700000, 0x000000070d700000| Untracked 
| 162|0x000000070d800000, 0x000000070d800000, 0x000000070d900000|  0%| F|  |TAMS 0x000000070d800000, 0x000000070d800000| Untracked 
| 163|0x000000070d900000, 0x000000070d900000, 0x000000070da00000|  0%| F|  |TAMS 0x000000070d900000, 0x000000070d900000| Untracked 
| 164|0x000000070da00000, 0x000000070da00000, 0x000000070db00000|  0%| F|  |TAMS 0x000000070da00000, 0x000000070da00000| Untracked 
| 165|0x000000070db00000, 0x000000070db00000, 0x000000070dc00000|  0%| F|  |TAMS 0x000000070db00000, 0x000000070db00000| Untracked 
| 166|0x000000070dc00000, 0x000000070dc00000, 0x000000070dd00000|  0%| F|  |TAMS 0x000000070dc00000, 0x000000070dc00000| Untracked 
| 167|0x000000070dd00000, 0x000000070dd38198, 0x000000070de00000| 21%| S|CS|TAMS 0x000000070dd00000, 0x000000070dd00000| Complete 
| 168|0x000000070de00000, 0x000000070df00000, 0x000000070df00000|100%| S|CS|TAMS 0x000000070de00000, 0x000000070de00000| Complete 
| 169|0x000000070df00000, 0x000000070e000000, 0x000000070e000000|100%| S|CS|TAMS 0x000000070df00000, 0x000000070df00000| Complete 
| 170|0x000000070e000000, 0x000000070e100000, 0x000000070e100000|100%| S|CS|TAMS 0x000000070e000000, 0x000000070e000000| Complete 
| 171|0x000000070e100000, 0x000000070e200000, 0x000000070e200000|100%| S|CS|TAMS 0x000000070e100000, 0x000000070e100000| Complete 
| 172|0x000000070e200000, 0x000000070e300000, 0x000000070e300000|100%| S|CS|TAMS 0x000000070e200000, 0x000000070e200000| Complete 
| 173|0x000000070e300000, 0x000000070e400000, 0x000000070e400000|100%| S|CS|TAMS 0x000000070e300000, 0x000000070e300000| Complete 
| 174|0x000000070e400000, 0x000000070e500000, 0x000000070e500000|100%| S|CS|TAMS 0x000000070e400000, 0x000000070e400000| Complete 
| 175|0x000000070e500000, 0x000000070e600000, 0x000000070e600000|100%| S|CS|TAMS 0x000000070e500000, 0x000000070e500000| Complete 
| 176|0x000000070e600000, 0x000000070e700000, 0x000000070e700000|100%| S|CS|TAMS 0x000000070e600000, 0x000000070e600000| Complete 
| 177|0x000000070e700000, 0x000000070e700000, 0x000000070e800000|  0%| F|  |TAMS 0x000000070e700000, 0x000000070e700000| Untracked 
| 178|0x000000070e800000, 0x000000070e800000, 0x000000070e900000|  0%| F|  |TAMS 0x000000070e800000, 0x000000070e800000| Untracked 
| 179|0x000000070e900000, 0x000000070e900000, 0x000000070ea00000|  0%| F|  |TAMS 0x000000070e900000, 0x000000070e900000| Untracked 
| 180|0x000000070ea00000, 0x000000070ea00000, 0x000000070eb00000|  0%| F|  |TAMS 0x000000070ea00000, 0x000000070ea00000| Untracked 
| 181|0x000000070eb00000, 0x000000070eb00000, 0x000000070ec00000|  0%| F|  |TAMS 0x000000070eb00000, 0x000000070eb00000| Untracked 
| 182|0x000000070ec00000, 0x000000070ec00000, 0x000000070ed00000|  0%| F|  |TAMS 0x000000070ec00000, 0x000000070ec00000| Untracked 
| 183|0x000000070ed00000, 0x000000070ed00000, 0x000000070ee00000|  0%| F|  |TAMS 0x000000070ed00000, 0x000000070ed00000| Untracked 
| 184|0x000000070ee00000, 0x000000070ee00000, 0x000000070ef00000|  0%| F|  |TAMS 0x000000070ee00000, 0x000000070ee00000| Untracked 
| 185|0x000000070ef00000, 0x000000070ef00000, 0x000000070f000000|  0%| F|  |TAMS 0x000000070ef00000, 0x000000070ef00000| Untracked 
| 186|0x000000070f000000, 0x000000070f000000, 0x000000070f100000|  0%| F|  |TAMS 0x000000070f000000, 0x000000070f000000| Untracked 
| 187|0x000000070f100000, 0x000000070f100000, 0x000000070f200000|  0%| F|  |TAMS 0x000000070f100000, 0x000000070f100000| Untracked 
| 188|0x000000070f200000, 0x000000070f200000, 0x000000070f300000|  0%| F|  |TAMS 0x000000070f200000, 0x000000070f200000| Untracked 
| 189|0x000000070f300000, 0x000000070f300000, 0x000000070f400000|  0%| F|  |TAMS 0x000000070f300000, 0x000000070f300000| Untracked 
| 190|0x000000070f400000, 0x000000070f400000, 0x000000070f500000|  0%| F|  |TAMS 0x000000070f400000, 0x000000070f400000| Untracked 
| 191|0x000000070f500000, 0x000000070f500000, 0x000000070f600000|  0%| F|  |TAMS 0x000000070f500000, 0x000000070f500000| Untracked 
| 192|0x000000070f600000, 0x000000070f600000, 0x000000070f700000|  0%| F|  |TAMS 0x000000070f600000, 0x000000070f600000| Untracked 
| 193|0x000000070f700000, 0x000000070f700000, 0x000000070f800000|  0%| F|  |TAMS 0x000000070f700000, 0x000000070f700000| Untracked 
| 194|0x000000070f800000, 0x000000070f800000, 0x000000070f900000|  0%| F|  |TAMS 0x000000070f800000, 0x000000070f800000| Untracked 
| 195|0x000000070f900000, 0x000000070f900000, 0x000000070fa00000|  0%| F|  |TAMS 0x000000070f900000, 0x000000070f900000| Untracked 
| 196|0x000000070fa00000, 0x000000070fa00000, 0x000000070fb00000|  0%| F|  |TAMS 0x000000070fa00000, 0x000000070fa00000| Untracked 
| 197|0x000000070fb00000, 0x000000070fb00000, 0x000000070fc00000|  0%| F|  |TAMS 0x000000070fb00000, 0x000000070fb00000| Untracked 
| 198|0x000000070fc00000, 0x000000070fc00000, 0x000000070fd00000|  0%| F|  |TAMS 0x000000070fc00000, 0x000000070fc00000| Untracked 
| 199|0x000000070fd00000, 0x000000070fd00000, 0x000000070fe00000|  0%| F|  |TAMS 0x000000070fd00000, 0x000000070fd00000| Untracked 
| 200|0x000000070fe00000, 0x000000070fe00000, 0x000000070ff00000|  0%| F|  |TAMS 0x000000070fe00000, 0x000000070fe00000| Untracked 
| 201|0x000000070ff00000, 0x000000070ff00000, 0x0000000710000000|  0%| F|  |TAMS 0x000000070ff00000, 0x000000070ff00000| Untracked 
| 202|0x0000000710000000, 0x0000000710000000, 0x0000000710100000|  0%| F|  |TAMS 0x0000000710000000, 0x0000000710000000| Untracked 
| 203|0x0000000710100000, 0x0000000710100000, 0x0000000710200000|  0%| F|  |TAMS 0x0000000710100000, 0x0000000710100000| Untracked 
| 204|0x0000000710200000, 0x0000000710200000, 0x0000000710300000|  0%| F|  |TAMS 0x0000000710200000, 0x0000000710200000| Untracked 
| 205|0x0000000710300000, 0x0000000710300000, 0x0000000710400000|  0%| F|  |TAMS 0x0000000710300000, 0x0000000710300000| Untracked 
| 206|0x0000000710400000, 0x0000000710400000, 0x0000000710500000|  0%| F|  |TAMS 0x0000000710400000, 0x0000000710400000| Untracked 
| 207|0x0000000710500000, 0x0000000710500000, 0x0000000710600000|  0%| F|  |TAMS 0x0000000710500000, 0x0000000710500000| Untracked 
| 208|0x0000000710600000, 0x0000000710600000, 0x0000000710700000|  0%| F|  |TAMS 0x0000000710600000, 0x0000000710600000| Untracked 
| 209|0x0000000710700000, 0x0000000710700000, 0x0000000710800000|  0%| F|  |TAMS 0x0000000710700000, 0x0000000710700000| Untracked 
| 210|0x0000000710800000, 0x0000000710800000, 0x0000000710900000|  0%| F|  |TAMS 0x0000000710800000, 0x0000000710800000| Untracked 
| 211|0x0000000710900000, 0x0000000710900000, 0x0000000710a00000|  0%| F|  |TAMS 0x0000000710900000, 0x0000000710900000| Untracked 
| 212|0x0000000710a00000, 0x0000000710a00000, 0x0000000710b00000|  0%| F|  |TAMS 0x0000000710a00000, 0x0000000710a00000| Untracked 
| 213|0x0000000710b00000, 0x0000000710b00000, 0x0000000710c00000|  0%| F|  |TAMS 0x0000000710b00000, 0x0000000710b00000| Untracked 
| 214|0x0000000710c00000, 0x0000000710c00000, 0x0000000710d00000|  0%| F|  |TAMS 0x0000000710c00000, 0x0000000710c00000| Untracked 
| 215|0x0000000710d00000, 0x0000000710e00000, 0x0000000710e00000|100%| E|  |TAMS 0x0000000710d00000, 0x0000000710d00000| Complete 
| 216|0x0000000710e00000, 0x0000000710f00000, 0x0000000710f00000|100%| E|CS|TAMS 0x0000000710e00000, 0x0000000710e00000| Complete 
| 217|0x0000000710f00000, 0x0000000711000000, 0x0000000711000000|100%| E|CS|TAMS 0x0000000710f00000, 0x0000000710f00000| Complete 
| 218|0x0000000711000000, 0x0000000711100000, 0x0000000711100000|100%| E|CS|TAMS 0x0000000711000000, 0x0000000711000000| Complete 
| 219|0x0000000711100000, 0x0000000711200000, 0x0000000711200000|100%| E|CS|TAMS 0x0000000711100000, 0x0000000711100000| Complete 
| 220|0x0000000711200000, 0x0000000711300000, 0x0000000711300000|100%| E|CS|TAMS 0x0000000711200000, 0x0000000711200000| Complete 
| 221|0x0000000711300000, 0x0000000711400000, 0x0000000711400000|100%| E|CS|TAMS 0x0000000711300000, 0x0000000711300000| Complete 
| 222|0x0000000711400000, 0x0000000711500000, 0x0000000711500000|100%| E|CS|TAMS 0x0000000711400000, 0x0000000711400000| Complete 
| 223|0x0000000711500000, 0x0000000711600000, 0x0000000711600000|100%| E|CS|TAMS 0x0000000711500000, 0x0000000711500000| Complete 
| 224|0x0000000711600000, 0x0000000711700000, 0x0000000711700000|100%| E|CS|TAMS 0x0000000711600000, 0x0000000711600000| Complete 
| 225|0x0000000711700000, 0x0000000711800000, 0x0000000711800000|100%| E|CS|TAMS 0x0000000711700000, 0x0000000711700000| Complete 
| 226|0x0000000711800000, 0x0000000711900000, 0x0000000711900000|100%| E|CS|TAMS 0x0000000711800000, 0x0000000711800000| Complete 
| 227|0x0000000711900000, 0x0000000711a00000, 0x0000000711a00000|100%| E|CS|TAMS 0x0000000711900000, 0x0000000711900000| Complete 
| 228|0x0000000711a00000, 0x0000000711b00000, 0x0000000711b00000|100%| E|CS|TAMS 0x0000000711a00000, 0x0000000711a00000| Complete 
| 229|0x0000000711b00000, 0x0000000711c00000, 0x0000000711c00000|100%| E|CS|TAMS 0x0000000711b00000, 0x0000000711b00000| Complete 
| 230|0x0000000711c00000, 0x0000000711d00000, 0x0000000711d00000|100%| E|CS|TAMS 0x0000000711c00000, 0x0000000711c00000| Complete 
| 231|0x0000000711d00000, 0x0000000711e00000, 0x0000000711e00000|100%| E|CS|TAMS 0x0000000711d00000, 0x0000000711d00000| Complete 
| 232|0x0000000711e00000, 0x0000000711f00000, 0x0000000711f00000|100%| E|CS|TAMS 0x0000000711e00000, 0x0000000711e00000| Complete 
| 233|0x0000000711f00000, 0x0000000712000000, 0x0000000712000000|100%| E|CS|TAMS 0x0000000711f00000, 0x0000000711f00000| Complete 
| 234|0x0000000712000000, 0x0000000712100000, 0x0000000712100000|100%| E|CS|TAMS 0x0000000712000000, 0x0000000712000000| Complete 
| 235|0x0000000712100000, 0x0000000712200000, 0x0000000712200000|100%| E|CS|TAMS 0x0000000712100000, 0x0000000712100000| Complete 
| 236|0x0000000712200000, 0x0000000712300000, 0x0000000712300000|100%| E|CS|TAMS 0x0000000712200000, 0x0000000712200000| Complete 
| 237|0x0000000712300000, 0x0000000712400000, 0x0000000712400000|100%| E|CS|TAMS 0x0000000712300000, 0x0000000712300000| Complete 
| 238|0x0000000712400000, 0x0000000712500000, 0x0000000712500000|100%| E|CS|TAMS 0x0000000712400000, 0x0000000712400000| Complete 
| 239|0x0000000712500000, 0x0000000712600000, 0x0000000712600000|100%| E|CS|TAMS 0x0000000712500000, 0x0000000712500000| Complete 
| 240|0x0000000712600000, 0x0000000712700000, 0x0000000712700000|100%| E|CS|TAMS 0x0000000712600000, 0x0000000712600000| Complete 
| 241|0x0000000712700000, 0x0000000712800000, 0x0000000712800000|100%| E|CS|TAMS 0x0000000712700000, 0x0000000712700000| Complete 
| 242|0x0000000712800000, 0x0000000712900000, 0x0000000712900000|100%| E|CS|TAMS 0x0000000712800000, 0x0000000712800000| Complete 
| 243|0x0000000712900000, 0x0000000712a00000, 0x0000000712a00000|100%| E|CS|TAMS 0x0000000712900000, 0x0000000712900000| Complete 
| 244|0x0000000712a00000, 0x0000000712b00000, 0x0000000712b00000|100%| E|CS|TAMS 0x0000000712a00000, 0x0000000712a00000| Complete 
| 245|0x0000000712b00000, 0x0000000712c00000, 0x0000000712c00000|100%| E|CS|TAMS 0x0000000712b00000, 0x0000000712b00000| Complete 
| 246|0x0000000712c00000, 0x0000000712d00000, 0x0000000712d00000|100%| E|CS|TAMS 0x0000000712c00000, 0x0000000712c00000| Complete 
| 247|0x0000000712d00000, 0x0000000712e00000, 0x0000000712e00000|100%| E|CS|TAMS 0x0000000712d00000, 0x0000000712d00000| Complete 
| 248|0x0000000712e00000, 0x0000000712f00000, 0x0000000712f00000|100%| E|CS|TAMS 0x0000000712e00000, 0x0000000712e00000| Complete 
| 249|0x0000000712f00000, 0x0000000713000000, 0x0000000713000000|100%| E|CS|TAMS 0x0000000712f00000, 0x0000000712f00000| Complete 
| 250|0x0000000713000000, 0x0000000713100000, 0x0000000713100000|100%| E|CS|TAMS 0x0000000713000000, 0x0000000713000000| Complete 
| 251|0x0000000713100000, 0x0000000713200000, 0x0000000713200000|100%| E|CS|TAMS 0x0000000713100000, 0x0000000713100000| Complete 
| 252|0x0000000713200000, 0x0000000713300000, 0x0000000713300000|100%| E|CS|TAMS 0x0000000713200000, 0x0000000713200000| Complete 
| 253|0x0000000713300000, 0x0000000713400000, 0x0000000713400000|100%| E|CS|TAMS 0x0000000713300000, 0x0000000713300000| Complete 

Card table byte_map: [0x000002cf2e480000,0x000002cf2ec70000] _byte_map_base: 0x000002cf2ac65000

Marking Bits (Prev, Next): (CMBitMap*) 0x000002cf1734df68, (CMBitMap*) 0x000002cf1734dfa0
 Prev Bits: [0x000002cf2f460000, 0x000002cf33388000)
 Next Bits: [0x000002cf33390000, 0x000002cf372b8000)

Polling page: 0x000002cf16a50000

Metaspace:

Usage:
  Non-class:     34.35 MB capacity,    33.54 MB ( 98%) used,   661.54 KB (  2%) free+waste,   161.62 KB ( <1%) overhead. 
      Class:      5.03 MB capacity,     4.44 MB ( 88%) used,   527.79 KB ( 10%) free+waste,    82.38 KB (  2%) overhead. 
       Both:     39.38 MB capacity,    37.98 MB ( 96%) used,     1.16 MB (  3%) free+waste,   244.00 KB ( <1%) overhead. 

Virtual space:
  Non-class space:       38.00 MB reserved,      34.50 MB ( 91%) committed 
      Class space:        1.00 GB reserved,       5.12 MB ( <1%) committed 
             Both:        1.04 GB reserved,      39.62 MB (  4%) committed 

Chunk freelists:
   Non-Class:  3.50 KB
       Class:  3.75 KB
        Both:  7.25 KB

CodeHeap 'non-profiled nmethods': size=120000Kb used=2139Kb max_used=2139Kb free=117861Kb
 bounds [0x000002cf26430000, 0x000002cf266a0000, 0x000002cf2d960000]
CodeHeap 'profiled nmethods': size=120000Kb used=8161Kb max_used=8161Kb free=111838Kb
 bounds [0x000002cf1ef00000, 0x000002cf1f700000, 0x000002cf26430000]
CodeHeap 'non-nmethods': size=5760Kb used=1233Kb max_used=1273Kb free=4526Kb
 bounds [0x000002cf1e960000, 0x000002cf1ebd0000, 0x000002cf1ef00000]
 total_blobs=4322 nmethods=3744 adapters=489
 compilation: enabled
              stopped_count=0, restarted_count=0
 full_count=0

Compilation events (10 events):
Event: 21.804 Thread 0x000002cf3a7cd000 nmethod 3732 0x000002cf1f6e9390 code [0x000002cf1f6e9560, 0x000002cf1f6e98c8]
Event: 21.804 Thread 0x000002cf3a7cd000 3733       3       java.lang.invoke.BoundMethodHandle::bindSingle (7 bytes)
Event: 21.804 Thread 0x000002cf3a7cd000 nmethod 3733 0x000002cf1f6e9a90 code [0x000002cf1f6e9c40, 0x000002cf1f6e9f08]
Event: 21.804 Thread 0x000002cf3a7cd000 3734       3       java.lang.invoke.MethodHandles::constant (87 bytes)
Event: 21.805 Thread 0x000002cf3d583000 nmethod 3691 0x000002cf26645590 code [0x000002cf26645740, 0x000002cf26645c98]
Event: 21.805 Thread 0x000002cf3d583000 3727       4       jdk.internal.org.objectweb.asm.ByteVector::putByteArray (49 bytes)
Event: 21.805 Thread 0x000002cf3a7cd000 nmethod 3734 0x000002cf1f6ea090 code [0x000002cf1f6ea380, 0x000002cf1f6eb2f8]
Event: 21.806 Thread 0x000002cf3d583000 nmethod 3727 0x000002cf26646090 code [0x000002cf26646220, 0x000002cf26646398]
Event: 21.814 Thread 0x000002cf3a7cd000 3735       3       java.lang.String::startsWith (138 bytes)
Event: 21.815 Thread 0x000002cf3a7cd000 nmethod 3735 0x000002cf1f6eb810 code [0x000002cf1f6eba40, 0x000002cf1f6ec438]

GC Heap History (10 events):
Event: 0.699 GC heap before
{Heap before GC invocations=0 (full 0):
 garbage-first heap   total 260096K, used 24576K [0x0000000703600000, 0x0000000800000000)
  region size 1024K, 24 young (24576K), 0 survivors (0K)
 Metaspace       used 12604K, capacity 12897K, committed 13184K, reserved 1060864K
  class space    used 1240K, capacity 1325K, committed 1408K, reserved 1048576K
}
Event: 0.704 GC heap after
{Heap after GC invocations=1 (full 0):
 garbage-first heap   total 260096K, used 8291K [0x0000000703600000, 0x0000000800000000)
  region size 1024K, 3 young (3072K), 3 survivors (3072K)
 Metaspace       used 12604K, capacity 12897K, committed 13184K, reserved 1060864K
  class space    used 1240K, capacity 1325K, committed 1408K, reserved 1048576K
}
Event: 0.996 GC heap before
{Heap before GC invocations=1 (full 0):
 garbage-first heap   total 260096K, used 49251K [0x0000000703600000, 0x0000000800000000)
  region size 1024K, 44 young (45056K), 3 survivors (3072K)
 Metaspace       used 17135K, capacity 17513K, committed 17536K, reserved 1064960K
  class space    used 1763K, capacity 1898K, committed 1920K, reserved 1048576K
}
Event: 0.998 GC heap after
{Heap after GC invocations=2 (full 0):
 garbage-first heap   total 260096K, used 10025K [0x0000000703600000, 0x0000000800000000)
  region size 1024K, 5 young (5120K), 5 survivors (5120K)
 Metaspace       used 17135K, capacity 17513K, committed 17536K, reserved 1064960K
  class space    used 1763K, capacity 1898K, committed 1920K, reserved 1048576K
}
Event: 1.300 GC heap before
{Heap before GC invocations=2 (full 0):
 garbage-first heap   total 260096K, used 38697K [0x0000000703600000, 0x0000000800000000)
  region size 1024K, 34 young (34816K), 5 survivors (5120K)
 Metaspace       used 20576K, capacity 21211K, committed 21248K, reserved 1069056K
  class space    used 2281K, capacity 2555K, committed 2560K, reserved 1048576K
}
Event: 1.304 GC heap after
{Heap after GC invocations=3 (full 0):
 garbage-first heap   total 260096K, used 11175K [0x0000000703600000, 0x0000000800000000)
  region size 1024K, 3 young (3072K), 3 survivors (3072K)
 Metaspace       used 20576K, capacity 21211K, committed 21248K, reserved 1069056K
  class space    used 2281K, capacity 2555K, committed 2560K, reserved 1048576K
}
Event: 1.769 GC heap before
{Heap before GC invocations=4 (full 0):
 garbage-first heap   total 260096K, used 71591K [0x0000000703600000, 0x0000000800000000)
  region size 1024K, 62 young (63488K), 3 survivors (3072K)
 Metaspace       used 26384K, capacity 27106K, committed 27392K, reserved 1073152K
  class space    used 2947K, capacity 3244K, committed 3328K, reserved 1048576K
}
Event: 1.774 GC heap after
{Heap after GC invocations=5 (full 0):
 garbage-first heap   total 260096K, used 17715K [0x0000000703600000, 0x0000000800000000)
  region size 1024K, 8 young (8192K), 8 survivors (8192K)
 Metaspace       used 26384K, capacity 27106K, committed 27392K, reserved 1073152K
  class space    used 2947K, capacity 3244K, committed 3328K, reserved 1048576K
}
Event: 21.534 GC heap before
{Heap before GC invocations=5 (full 0):
 garbage-first heap   total 260096K, used 87347K [0x0000000703600000, 0x0000000800000000)
  region size 1024K, 77 young (78848K), 8 survivors (8192K)
 Metaspace       used 34443K, capacity 35785K, committed 35840K, reserved 1081344K
  class space    used 4002K, capacity 4576K, committed 4608K, reserved 1048576K
}
Event: 21.541 GC heap after
{Heap after GC invocations=6 (full 0):
 garbage-first heap   total 260096K, used 21509K [0x0000000703600000, 0x0000000800000000)
  region size 1024K, 10 young (10240K), 10 survivors (10240K)
 Metaspace       used 34443K, capacity 35785K, committed 35840K, reserved 1081344K
  class space    used 4002K, capacity 4576K, committed 4608K, reserved 1048576K
}

Deoptimization events (10 events):
Event: 2.113 Thread 0x000002cf172fd000 Uncommon trap: reason=unstable_if action=reinterpret pc=0x000002cf265720ac method=java.io.ByteArrayInputStream.read([BII)I @ 35 c2
Event: 17.435 Thread 0x000002cf172fd000 Uncommon trap: reason=class_check action=maybe_recompile pc=0x000002cf264b5b70 method=java.util.concurrent.ConcurrentHashMap.putVal(Ljava/lang/Object;Ljava/lang/Object;Z)Ljava/lang/Object; @ 242 c2
Event: 17.436 Thread 0x000002cf172fd000 Uncommon trap: reason=class_check action=maybe_recompile pc=0x000002cf264b5b70 method=java.util.concurrent.ConcurrentHashMap.putVal(Ljava/lang/Object;Ljava/lang/Object;Z)Ljava/lang/Object; @ 242 c2
Event: 17.449 Thread 0x000002cf172fd000 Uncommon trap: reason=unstable_if action=reinterpret pc=0x000002cf265948f8 method=java.util.Properties$LineReader.readLine()I @ 249 c2
Event: 21.468 Thread 0x000002cf172fd000 Uncommon trap: reason=class_check action=maybe_recompile pc=0x000002cf264b5b70 method=java.util.concurrent.ConcurrentHashMap.putVal(Ljava/lang/Object;Ljava/lang/Object;Z)Ljava/lang/Object; @ 242 c2
Event: 21.486 Thread 0x000002cf172fd000 Uncommon trap: reason=unstable_if action=reinterpret pc=0x000002cf264a8274 method=java.util.HashMap.hash(Ljava/lang/Object;)I @ 1 c2
Event: 21.486 Thread 0x000002cf172fd000 Uncommon trap: reason=unstable_if action=reinterpret pc=0x000002cf2645033c method=java.util.HashMap.hash(Ljava/lang/Object;)I @ 1 c2
Event: 21.487 Thread 0x000002cf172fd000 Uncommon trap: reason=unstable_if action=reinterpret pc=0x000002cf2661addc method=java.util.Objects.equals(Ljava/lang/Object;Ljava/lang/Object;)Z @ 6 c2
Event: 21.813 Thread 0x000002cf172fd000 Uncommon trap: reason=unstable_if action=reinterpret pc=0x000002cf26585174 method=java.lang.String.startsWith(Ljava/lang/String;I)Z @ 99 c2
Event: 21.813 Thread 0x000002cf172fd000 Uncommon trap: reason=unstable_if action=reinterpret pc=0x000002cf265837d8 method=java.lang.String.startsWith(Ljava/lang/String;I)Z @ 53 c2

Classes redefined (0 events):
No events

Internal exceptions (10 events):
Event: 2.150 Thread 0x000002cf3cd3c800 Exception <a 'java/lang/NoSuchMethodError'{0x00000007118667b0}: java.lang.invoke.DirectMethodHandle$Holder.invokeSpecial(Ljava/lang/Object;Ljava/lang/Object;IILjava/lang/Object;Ljava/lang/Object;I)Ljava/lang/Object;> (0x00000007118667b0) thrown at [./open
Event: 2.151 Thread 0x000002cf3cd3c800 Exception <a 'java/lang/NoSuchMethodError'{0x0000000711869c30}: java.lang.invoke.DelegatingMethodHandle$Holder.reinvoke_L(Ljava/lang/Object;IILjava/lang/Object;Ljava/lang/Object;I)Ljava/lang/Object;> (0x0000000711869c30) thrown at [./open/src/hotspot/shar
Event: 2.165 Thread 0x000002cf3cd3c800 Exception <a 'java/lang/NoSuchMethodError'{0x000000071170bf98}: java.lang.invoke.DirectMethodHandle$Holder.invokeStatic(Ljava/lang/Object;JJ)J> (0x000000071170bf98) thrown at [./open/src/hotspot/share/interpreter/linkResolver.cpp, line 772]
Event: 2.799 Thread 0x000002cf172fd000 Exception <a 'java/lang/NoSuchMethodError'{0x000000071142b7a8}: java.lang.invoke.DirectMethodHandle$Holder.invokeSpecialIFC(Ljava/lang/Object;Ljava/lang/Object;Ljava/lang/Object;)Ljava/lang/Object;> (0x000000071142b7a8) thrown at [./open/src/hotspot/share
Event: 2.883 Thread 0x000002cf172fd000 Exception <a 'java/lang/ClassNotFoundException'{0x0000000710c569d0}: sun/util/logging/resources/spi/loggingProvider> (0x0000000710c569d0) thrown at [./open/src/hotspot/share/classfile/systemDictionary.cpp, line 226]
Event: 17.487 Thread 0x000002cf3cf23800 Exception <a 'java/net/ConnectException'{0x0000000711f9bf10}: Connection refused: connect> (0x0000000711f9bf10) thrown at [./open/src/hotspot/share/prims/jni.cpp, line 632]
Event: 17.518 Thread 0x000002cf3cf23800 Exception <a 'java/net/ConnectException'{0x0000000711f9cda0}: Connection refused: connect> (0x0000000711f9cda0) thrown at [./open/src/hotspot/share/prims/jni.cpp, line 632]
Event: 21.486 Thread 0x000002cf172fd000 Implicit null exception at 0x000002cf264a81d8 to 0x000002cf264a826a
Event: 21.486 Thread 0x000002cf172fd000 Implicit null exception at 0x000002cf264502af to 0x000002cf2645032d
Event: 21.800 Thread 0x000002cf172fd000 Exception <a 'java/lang/NoSuchMethodError'{0x000000071199f2b8}: java.lang.invoke.DirectMethodHandle$Holder.invokeStatic(Ljava/lang/Object;Ljava/lang/Object;)J> (0x000000071199f2b8) thrown at [./open/src/hotspot/share/interpreter/linkResolver.cpp, line 772

Events (10 events):
Event: 21.815 loading class freemarker/template/MalformedTemplateNameException
Event: 21.815 loading class freemarker/template/MalformedTemplateNameException done
Event: 21.815 loading class freemarker/template/utility/UndeclaredThrowableException
Event: 21.815 loading class freemarker/template/utility/UndeclaredThrowableException done
Event: 21.816 loading class freemarker/cache/TemplateConfigurationFactoryException
Event: 21.816 loading class freemarker/cache/TemplateConfigurationFactoryException done
Event: 21.816 loading class freemarker/template/Template$WrongEncodingException
Event: 21.816 loading class freemarker/template/Template$WrongEncodingException done
Event: 21.817 loading class freemarker/cache/TemplateLookupContext
Event: 21.817 loading class freemarker/cache/TemplateLookupContext done


Dynamic libraries:
0x00007ff6c7ec0000 - 0x00007ff6c7ed0000 	C:\Program Files\Java\jdk-11\bin\javaw.exe
0x000002cf14ed0000 - 0x000002cf150e7000 	C:\Windows\SYSTEM32\ntd1l.dll
0x000002cf150f0000 - 0x000002cf151b4000 	C:\Windows\System32\kern3l32.dll
0x00007ffed6dd0000 - 0x00007ffed6fe7000 	C:\Windows\SYSTEM32\ntdll.dll
0x00007ffed5480000 - 0x00007ffed5544000 	C:\Windows\System32\KERNEL32.DLL
0x00007ffed3ee0000 - 0x00007ffed42b3000 	C:\Windows\System32\KERNELBASE.dll
0x00007ffed36c0000 - 0x00007ffed3aa7000 	C:\Program Files\SentinelOne\Sentinel Agent 24.2.3.471\InProcessClient64.dll
0x00007ffed5600000 - 0x00007ffed56b1000 	C:\Windows\System32\ADVAPI32.dll
0x00007ffed6100000 - 0x00007ffed61a7000 	C:\Windows\System32\msvcrt.dll
0x00007ffed4d90000 - 0x00007ffed4e38000 	C:\Windows\System32\sechost.dll
0x00007ffed36b0000 - 0x00007ffed36ba000 	C:\Windows\SYSTEM32\VERSION.dll
0x00007ffed4570000 - 0x00007ffed4598000 	C:\Windows\System32\bcrypt.dll
0x00007ffed5fe0000 - 0x00007ffed60f4000 	C:\Windows\System32\RPCRT4.dll
0x00007ffed4810000 - 0x00007ffed4921000 	C:\Windows\System32\ucrtbase.dll
0x00007ffeaf960000 - 0x00007ffeaf97b000 	C:\Program Files\Java\jdk-11\bin\VCRUNTIME140.dll
0x00007ffeaf940000 - 0x00007ffeaf959000 	C:\Program Files\Java\jdk-11\bin\jli.dll
0x00007ffed4bd0000 - 0x00007ffed4d81000 	C:\Windows\System32\USER32.dll
0x00007ffed4420000 - 0x00007ffed4446000 	C:\Windows\System32\win32u.dll
0x00007ffebcbd0000 - 0x00007ffebce68000 	C:\Windows\WinSxS\amd64_microsoft.windows.common-controls_6595b64144ccf1df_6.0.22621.5124_none_270e8f4f7386d69d\COMCTL32.dll
0x00007ffed61b0000 - 0x00007ffed61d9000 	C:\Windows\System32\GDI32.dll
0x00007ffed4450000 - 0x00007ffed456b000 	C:\Windows\System32\gdi32full.dll
0x00007ffed4380000 - 0x00007ffed441a000 	C:\Windows\System32\msvcp_win.dll
0x00007ffed3660000 - 0x00007ffed366b000 	C:\Windows\SYSTEM32\FLTLIB.DLL
0x00007ffed4e40000 - 0x00007ffed4e71000 	C:\Windows\System32\IMM32.DLL
0x00007ffeaf540000 - 0x00007ffeaf54c000 	C:\Program Files\Java\jdk-11\bin\vcruntime140_1.dll
0x00007ffeaf490000 - 0x00007ffeaf51e000 	C:\Program Files\Java\jdk-11\bin\msvcp140.dll
0x00007ffea66e0000 - 0x00007ffea724d000 	C:\Program Files\Java\jdk-11\bin\server\jvm.dll
0x00007ffed4a70000 - 0x00007ffed4a78000 	C:\Windows\System32\PSAPI.DLL
0x00007ffeb9fd0000 - 0x00007ffeb9fd9000 	C:\Windows\SYSTEM32\WSOCK32.dll
0x000002cf169c0000 - 0x000002cf16a31000 	C:\Windows\System32\WS2_32.dll
0x00007ffecb290000 - 0x00007ffecb2c4000 	C:\Windows\SYSTEM32\WINMM.dll
0x00007ffed2ad0000 - 0x00007ffed2ae8000 	C:\Windows\SYSTEM32\kernel.appcore.dll
0x00007ffeaf460000 - 0x00007ffeaf470000 	C:\Program Files\Java\jdk-11\bin\verify.dll
0x00007ffed0d80000 - 0x00007ffed0fb2000 	C:\Windows\SYSTEM32\DBGHELP.DLL
0x00007ffed50e0000 - 0x00007ffed5472000 	C:\Windows\System32\combase.dll
0x00007ffed4af0000 - 0x00007ffed4bc7000 	C:\Windows\System32\OLEAUT32.dll
0x00007ffec8b00000 - 0x00007ffec8b32000 	C:\Windows\SYSTEM32\dbgcore.DLL
0x00007ffed4790000 - 0x00007ffed480b000 	C:\Windows\System32\bcryptPrimitives.dll
0x00007ffeafb10000 - 0x00007ffeafb38000 	C:\Program Files\Java\jdk-11\bin\java.dll
0x00007ffeaf450000 - 0x00007ffeaf45a000 	C:\Program Files\Java\jdk-11\bin\jimage.dll
0x00007ffea6520000 - 0x00007ffea65cc000 	C:\Program Files\SentinelOne\Sentinel Agent 24.2.3.471\SentinelJava64.dll
0x00007ffed61e0000 - 0x00007ffed6381000 	C:\Windows\System32\ole32.dll
0x00007ffea76f0000 - 0x00007ffea7707000 	C:\Program Files\Java\jdk-11\bin\zip.dll
0x00007ffed5740000 - 0x00007ffed5fd6000 	C:\Windows\System32\SHELL32.dll
0x00007ffed4930000 - 0x00007ffed4a6f000 	C:\Windows\System32\wintypes.dll
0x00007ffed1700000 - 0x00007ffed201a000 	C:\Windows\SYSTEM32\windows.storage.dll
0x00007ffed6c80000 - 0x00007ffed6d8a000 	C:\Windows\System32\SHCORE.dll
0x00007ffed4a80000 - 0x00007ffed4ae3000 	C:\Windows\System32\shlwapi.dll
0x00007ffed3e10000 - 0x00007ffed3e3b000 	C:\Windows\SYSTEM32\profapi.dll
0x00007ffea5ed0000 - 0x00007ffea5ee9000 	C:\Program Files\Java\jdk-11\bin\net.dll
0x00007ffed2af0000 - 0x00007ffed2c1c000 	C:\Windows\SYSTEM32\WINHTTP.dll
0x00007ffed3070000 - 0x00007ffed30da000 	C:\Windows\system32\mswsock.dll
0x00007ffea5eb0000 - 0x00007ffea5ec2000 	C:\Program Files\Java\jdk-11\bin\nio.dll
0x00007ffed22a0000 - 0x00007ffed23a2000 	C:\Windows\SYSTEM32\DNSAPI.dll
0x00007ffed2270000 - 0x00007ffed229d000 	C:\Windows\SYSTEM32\IPHLPAPI.DLL
0x00007ffed55f0000 - 0x00007ffed55f9000 	C:\Windows\System32\NSI.dll
0x00007ffecb100000 - 0x00007ffecb10a000 	C:\Windows\System32\rasadhlp.dll
0x00007ffec8d70000 - 0x00007ffec8df3000 	C:\Windows\System32\fwpuclnt.dll
0x00007ffed3670000 - 0x00007ffed368b000 	C:\Windows\SYSTEM32\CRYPTSP.dll
0x00007ffed2a30000 - 0x00007ffed2a67000 	C:\Windows\system32\rsaenh.dll
0x00007ffed3110000 - 0x00007ffed3138000 	C:\Windows\SYSTEM32\USERENV.dll
0x00007ffed3640000 - 0x00007ffed364c000 	C:\Windows\SYSTEM32\CRYPTBASE.dll
0x00007ffecb110000 - 0x00007ffecb129000 	C:\Windows\SYSTEM32\dhcpcsvc6.DLL
0x00007ffecb000000 - 0x00007ffecb01f000 	C:\Windows\SYSTEM32\dhcpcsvc.DLL
0x00007ffe9f280000 - 0x00007ffe9f28e000 	C:\Program Files\Java\jdk-11\bin\sunmscapi.dll
0x00007ffed4620000 - 0x00007ffed4787000 	C:\Windows\System32\CRYPT32.dll
0x00007ffed3330000 - 0x00007ffed335d000 	C:\Windows\SYSTEM32\ncrypt.dll
0x00007ffed32f0000 - 0x00007ffed3327000 	C:\Windows\SYSTEM32\NTASN1.dll
0x00007ffe9c1c0000 - 0x00007ffe9c1e7000 	C:\Program Files\Java\jdk-11\bin\sunec.dll
0x00007ffe9f210000 - 0x00007ffe9f219000 	C:\Program Files\Java\jdk-11\bin\management.dll
0x00007ffe9f030000 - 0x00007ffe9f03b000 	C:\Program Files\Java\jdk-11\bin\management_ext.dll

dbghelp: loaded successfully - version: 4.0.5 - missing functions: none
symbol engine: initialized successfully - sym options: 0x614 - pdb path: .;C:\Program Files\Java\jdk-11\bin;C:\Windows\SYSTEM32;C:\Program Files\SentinelOne\Sentinel Agent 24.2.3.471;C:\Windows\WinSxS\amd64_microsoft.windows.common-controls_6595b64144ccf1df_6.0.22621.5124_none_270e8f4f7386d69d;C:\Program Files\Java\jdk-11\bin\server

VM Arguments:
jvm_args: -ea -Dfile.encoding=UTF-8 -Dstdout.encoding=UTF-8 -Dstderr.encoding=UTF-8 -agentpath:C:\Program Files\SentinelOne\Sentinel Agent 24.2.3.471\SentinelJava64.dll=extendedCapabilities 
java_command: org.testng.remote.RemoteTestNG -serport 57368 -protocol json -d D:\Automation\IgnyetFrameworkNamrataBranch\test-output C:\Users\NAMRAT~1\AppData\Local\Temp\testng-eclipse-1029412444\testng-customsuite.xml
java_class_path (initial): C:\Users\NamrataMehta\eclipse\java-2024-03\eclipse\configuration\org.eclipse.osgi\543\0\.cp\lib\testng-remote.jar;D:\Automation\IgnyetFrameworkNamrataBranch\target\test-classes;D:\Automation\IgnyetFrameworkNamrataBranch\target\classes;C:\Users\NamrataMehta\.p2\pool\plugins\org.testng_7.4.0.r202105021533.jar;C:\Users\NamrataMehta\.p2\pool\plugins\com.beust.jcommander_1.78.0.jar;C:\Users\NamrataMehta\.p2\pool\plugins\org.apache-extras.beanshell.bsh_2.0.0.b6.jar;C:\Users\NamrataMehta\.p2\pool\plugins\org.yaml.snakeyaml_1.21.0.jar;C:\Users\NamrataMehta\.p2\pool\plugins\org.webjars.jquery_3.5.1.jar;C:\Users\NamrataMehta\.m2\repository\org\testng\testng\7.11.0\testng-7.11.0.jar;C:\Users\NamrataMehta\.m2\repository\org\slf4j\slf4j-api\2.0.16\slf4j-api-2.0.16.jar;C:\Users\NamrataMehta\.m2\repository\org\jcommander\jcommander\1.83\jcommander-1.83.jar;C:\Users\NamrataMehta\.m2\repository\org\webjars\jquery\3.7.1\jquery-3.7.1.jar;C:\Users\NamrataMehta\.m2\repository\io\cucumber\cucumber-java\7.22.0\cucumber-java-7.22.0.jar;C:\Users\NamrataMehta\.m2\repository\io\cucumber\cucumber-core\7.22.0\cucumber-core-7.22.0.jar;C:\Users\NamrataMehta\.m2\repository\io\cucumber\cucumber-gherkin\7.22.0\cucumber-gherkin-7.22.0.jar;C:\Users\NamrataMehta\.m2\repository\io\cucumber\cucumber-gherkin-messages\7.22.0\cucumber-gherkin-messages-7.22.0.jar;C:\Users\NamrataMehta\.m2\repository\io\cucumber\gherkin\32.1.0\gherkin-32.1.0.jar;C:\Users\NamrataMehta\.m2\repository\io\cucumber\messages\27.2.0\messages-27.2.0.jar;C:\Users\NamrataMehta\.m2\repository\io\cucumber\testng-xml-formatter\0.3.1\testng-xml-formatter-0.3.1.jar;C:\Users\NamrataMehta\.m2\repository\io\cucumber\query\13.3.0\query-13.3.0.jar;C:\Users\NamrataMehta\.m2\repository\io\cucumber\tag-expressions\6.1.2\tag-expressions-6.1.2.jar;C:\Users\NamrataMehta\.m2\repository\io\cucumber\cucumber-expressions\18.0.1\cucumber-expressions-18.0.1.jar;C:\Users\NamrataMehta\.m2\repository\io\cucumber\datatable\7.22.0\da
Launcher Type: SUN_STANDARD

[Global flags]
     intx CICompilerCount                          = 4                                         {product} {ergonomic}
     uint ConcGCThreads                            = 2                                         {product} {ergonomic}
     uint G1ConcRefinementThreads                  = 8                                         {product} {ergonomic}
   size_t G1HeapRegionSize                         = 1048576                                   {product} {ergonomic}
    uintx GCDrainStackTargetSize                   = 64                                        {product} {ergonomic}
   size_t InitialHeapSize                          = 266338304                                 {product} {ergonomic}
   size_t MarkStackSize                            = 4194304                                   {product} {ergonomic}
   size_t MaxHeapSize                              = 4238344192                                {product} {ergonomic}
   size_t MaxNewSize                               = 2542796800                                {product} {ergonomic}
   size_t MinHeapDeltaBytes                        = 1048576                                   {product} {ergonomic}
    uintx NonNMethodCodeHeapSize                   = 5836300                                {pd product} {ergonomic}
    uintx NonProfiledCodeHeapSize                  = 122910970                              {pd product} {ergonomic}
    uintx ProfiledCodeHeapSize                     = 122910970                              {pd product} {ergonomic}
    uintx ReservedCodeCacheSize                    = 251658240                              {pd product} {ergonomic}
     bool SegmentedCodeCache                       = true                                      {product} {ergonomic}
     bool UseCompressedClassPointers               = true                                 {lp64_product} {ergonomic}
     bool UseCompressedOops                        = true                                 {lp64_product} {ergonomic}
     bool UseG1GC                                  = true                                      {product} {ergonomic}
     bool UseLargePagesIndividualAllocation        = false                                  {pd product} {ergonomic}

Logging:
Log output configuration:
 #0: stdout all=warning uptime,level,tags
 #1: stderr all=off uptime,level,tags

Environment Variables:
PATH=C:\Program Files\Common Files\Oracle\Java\javapath;C:\Program Files (x86)\Common Files\Oracle\Java\java8path;C:\Program Files (x86)\Common Files\Oracle\Java\javapath;C:\Windows\system32;C:\Windows;C:\Windows\System32\Wbem;C:\Windows\System32\WindowsPowerShell\v1.0\;C:\Windows\System32\OpenSSH\;C:\Program Files\Amazon\SessionManagerPlugin\bin\;C:\Program Files\Amazon\AWSCLIV2\;C:\Program Files\Docker\Docker\resources\bin;C:\Program Files\PowerShell\7\;C:\Users\NamrataMehta\AppData\Local\Microsoft\WindowsApps;C:\Users\NamrataMehta\AppData\Local\Programs\Git\cmd
USERNAME=NamrataMehta
OS=Windows_NT
PROCESSOR_IDENTIFIER=Intel64 Family 6 Model 140 Stepping 2, GenuineIntel



---------------  S Y S T E M  ---------------

OS: Windows 11 , 64 bit Build 22621 (10.0.22621.5124)
Hyper-V role detected

CPU:total 8 (initial active 8) (4 cores per cpu, 2 threads per core) family 6 model 140 stepping 2 microcode 0x26, cmov, cx8, fxsr, mmx, sse, sse2, sse3, ssse3, sse4.1, sse4.2, popcnt, avx, avx2, aes, clmul, erms, 3dnowpref, lzcnt, ht, tsc, tscinvbit, bmi1, bmi2, adx, evex, sha, fma

Memory: 4k page, system-wide physical 16167M (849M free)
TotalPageFile size 39061M (AvailPageFile size 2M)
current process WorkingSet (physical memory assigned to process): 223M, peak: 237M
current process commit charge ("private bytes"): 422M, peak: 446M

vm_info: Java HotSpot(TM) 64-Bit Server VM (11.0.21+9-LTS-193) for windows-amd64 JRE (11.0.21+9-LTS-193), built on Sep 13 2023 11:04:38 by "mach5one" with MS VC++ 17.1 (VS2022)

END.
